<?xml version="1.0" encoding="UTF-8"?>
<!-- Generated by org.testng.reporters.JUnitReportReporter -->
<testsuite hostname="KULANDASAMYC" name="Setup_Housing.D_AddEventFacilities" tests="4" failures="0" timestamp="11 Jan 2019 16:08:41 GMT" time="75.610" errors="0">
  <testcase name="A_LoginAndFocusShow" time="14.205" classname="Setup_Housing.D_AddEventFacilities"/>
  <testcase name="C_LoginToProdAndFocusShow" time="3.962" classname="Setup_Housing.D_AddEventFacilities"/>
  <testcase name="D_AddEventFacilitiesToProd" time="25.388" classname="Setup_Housing.D_AddEventFacilities"/>
  <testcase name="B_Add_Event_Facilities" time="32.055" classname="Setup_Housing.D_AddEventFacilities"/>
</testsuite> <!-- Setup_Housing.D_AddEventFacilities -->
