<?xml version="1.0" encoding="UTF-8"?>
<!-- Generated by org.testng.reporters.JUnitReportReporter -->
<testsuite hostname="KULANDASAMYC" name="RegOnly_Show.J_ConfigureTracks" tests="4" failures="0" timestamp="20 Mar 2019 06:02:50 GMT" time="43.187" errors="0">
  <testcase name="B_Add_Tracks" time="4.263" classname="RegOnly_Show.J_ConfigureTracks"/>
  <testcase name="B_Add_Tracks" time="3.740" classname="RegOnly_Show.J_ConfigureTracks"/>
  <testcase name="B_Add_Tracks" time="3.726" classname="RegOnly_Show.J_ConfigureTracks"/>
  <testcase name="A_LoginAndFocus" time="31.458" classname="RegOnly_Show.J_ConfigureTracks"/>
</testsuite> <!-- RegOnly_Show.J_ConfigureTracks -->
