<?xml version="1.0" encoding="UTF-8"?>
<!-- Generated by org.testng.reporters.JUnitReportReporter -->
<testsuite hostname="KULANDASAMYC" name="RegOnly_Show.H_ConfigureSpeakers" tests="17" failures="0" timestamp="12 Sep 2018 06:14:16 GMT" time="124.151" errors="0">
  <testcase name="B_AddSpeakers" time="6.093" classname="RegOnly_Show.H_ConfigureSpeakers"/>
  <testcase name="B_AddSpeakers" time="6.211" classname="RegOnly_Show.H_ConfigureSpeakers"/>
  <testcase name="B_AddSpeakers" time="6.985" classname="RegOnly_Show.H_ConfigureSpeakers"/>
  <testcase name="B_AddSpeakers" time="6.664" classname="RegOnly_Show.H_ConfigureSpeakers"/>
  <testcase name="A_LoginAndFocusShow" time="22.930" classname="RegOnly_Show.H_ConfigureSpeakers"/>
  <testcase name="B_AddSpeakers" time="6.498" classname="RegOnly_Show.H_ConfigureSpeakers"/>
  <testcase name="B_AddSpeakers" time="6.574" classname="RegOnly_Show.H_ConfigureSpeakers"/>
  <testcase name="B_AddSpeakers" time="7.005" classname="RegOnly_Show.H_ConfigureSpeakers"/>
  <testcase name="B_AddSpeakers" time="5.954" classname="RegOnly_Show.H_ConfigureSpeakers"/>
  <testcase name="B_AddSpeakers" time="5.904" classname="RegOnly_Show.H_ConfigureSpeakers"/>
  <testcase name="B_AddSpeakers" time="6.279" classname="RegOnly_Show.H_ConfigureSpeakers"/>
  <testcase name="B_AddSpeakers" time="5.732" classname="RegOnly_Show.H_ConfigureSpeakers"/>
  <testcase name="B_AddSpeakers" time="6.319" classname="RegOnly_Show.H_ConfigureSpeakers"/>
  <testcase name="B_AddSpeakers" time="6.953" classname="RegOnly_Show.H_ConfigureSpeakers"/>
  <testcase name="B_AddSpeakers" time="5.999" classname="RegOnly_Show.H_ConfigureSpeakers"/>
  <testcase name="B_AddSpeakers" time="5.871" classname="RegOnly_Show.H_ConfigureSpeakers"/>
  <testcase name="B_AddSpeakers" time="6.180" classname="RegOnly_Show.H_ConfigureSpeakers"/>
</testsuite> <!-- RegOnly_Show.H_ConfigureSpeakers -->
