<?xml version="1.0" encoding="UTF-8"?>
<!-- Generated by org.testng.reporters.JUnitReportReporter -->
<testsuite hostname="KULANDASAMYC" name="RegOnly_Show_1.K_ConfigurePackages" tests="2" failures="0" timestamp="24 Oct 2019 14:38:03 GMT" time="41.108" errors="0">
  <testcase name="A_LoginAndFocus" time="14.728" classname="RegOnly_Show_1.K_ConfigurePackages"/>
  <testcase name="B_Add_Packages" time="26.380" classname="RegOnly_Show_1.K_ConfigurePackages"/>
</testsuite> <!-- RegOnly_Show_1.K_ConfigurePackages -->
