<?xml version="1.0" encoding="UTF-8"?>
<!-- Generated by org.testng.reporters.JUnitReportReporter -->
<testsuite hostname="KULANDASAMYC" name="Setup_Housing.AddEventFacilities" tests="4" failures="0" timestamp="19 Jun 2018 06:31:29 GMT" time="99.578" errors="0">
  <testcase name="C_LoginToProdAndFocusShow" time="62.172" classname="Setup_Housing.AddEventFacilities"/>
  <testcase name="A_LoginAndFocusShow" time="21.649" classname="Setup_Housing.AddEventFacilities"/>
  <testcase name="D_AddEventFacilitiesToProd" time="8.732" classname="Setup_Housing.AddEventFacilities"/>
  <testcase name="B_Add_Event_Facilities" time="7.025" classname="Setup_Housing.AddEventFacilities"/>
</testsuite> <!-- Setup_Housing.AddEventFacilities -->
