<?xml version="1.0" encoding="UTF-8"?>
<!-- Generated by org.testng.reporters.JUnitReportReporter -->
<testsuite hostname="KULANDASAMYC" name="RegOnly_Show.F_ConfigureFieldConfig" tests="2" failures="0" timestamp="11 Jan 2019 15:14:15 GMT" time="38.856" errors="0">
  <testcase name="B_Config_LeadConfig" time="9.934" classname="RegOnly_Show.F_ConfigureFieldConfig"/>
  <testcase name="A_FieldConfig" time="28.922" classname="RegOnly_Show.F_ConfigureFieldConfig"/>
</testsuite> <!-- RegOnly_Show.F_ConfigureFieldConfig -->
