<?xml version="1.0" encoding="UTF-8"?>
<!-- Generated by org.testng.reporters.JUnitReportReporter -->
<testsuite hostname="KULANDASAMYC" name="HousingOnly_Show.B_AddHotelSetup" tests="3" failures="0" timestamp="9 Jul 2019 07:25:52 GMT" time="192.824" errors="0">
  <testcase name="B_AddConfigureHotel" time="86.238" classname="HousingOnly_Show.B_AddHotelSetup"/>
  <testcase name="A_LoginAndFocusShow" time="27.237" classname="HousingOnly_Show.B_AddHotelSetup"/>
  <testcase name="B_AddConfigureHotel" time="79.349" classname="HousingOnly_Show.B_AddHotelSetup"/>
</testsuite> <!-- HousingOnly_Show.B_AddHotelSetup -->
