<?xml version="1.0" encoding="UTF-8"?>
<!-- Generated by org.testng.reporters.JUnitReportReporter -->
<testsuite hostname="KULANDASAMYC" name="RegOnly_Show.G_HTML_Production_Config" tests="4" failures="0" timestamp="20 Mar 2019 05:49:00 GMT" time="34.179" errors="0">
  <testcase name="C_ConfigureExhibitorConfirmation" time="2.350" classname="RegOnly_Show.G_HTML_Production_Config"/>
  <testcase name="D_ConfigureInviteFriend" time="1.914" classname="RegOnly_Show.G_HTML_Production_Config"/>
  <testcase name="A_HTMLProdConfig" time="26.372" classname="RegOnly_Show.G_HTML_Production_Config"/>
  <testcase name="B_ConfigureAttendeeConfirmation" time="3.543" classname="RegOnly_Show.G_HTML_Production_Config"/>
</testsuite> <!-- RegOnly_Show.G_HTML_Production_Config -->
