<?xml version="1.0" encoding="UTF-8"?>
<!-- Generated by org.testng.reporters.JUnitReportReporter -->
<testsuite hostname="KULANDASAMYC" name="Setup_Housing_2.B_AddHotelSetup" tests="3" failures="0" timestamp="28 Mar 2019 04:47:00 GMT" time="182.054" errors="0">
  <testcase name="B_AddConfigureHotel" time="84.508" classname="Setup_Housing_2.B_AddHotelSetup"/>
  <testcase name="A_LoginAndFocusShow" time="13.520" classname="Setup_Housing_2.B_AddHotelSetup"/>
  <testcase name="B_AddConfigureHotel" time="84.026" classname="Setup_Housing_2.B_AddHotelSetup"/>
</testsuite> <!-- Setup_Housing_2.B_AddHotelSetup -->
