<?xml version="1.0" encoding="UTF-8"?>
<!-- Generated by org.testng.reporters.JUnitReportReporter -->
<testsuite hostname="KULANDASAMYC" name="RegOnly_Show.G_HTML_Production_Config" tests="4" failures="0" timestamp="20 Sep 2019 05:59:04 GMT" time="20.619" errors="0">
  <testcase name="C_ConfigureExhibitorConfirmation" time="2.662" classname="RegOnly_Show.G_HTML_Production_Config"/>
  <testcase name="D_ConfigureInviteFriend" time="2.640" classname="RegOnly_Show.G_HTML_Production_Config"/>
  <testcase name="A_HTMLProdConfig" time="11.459" classname="RegOnly_Show.G_HTML_Production_Config"/>
  <testcase name="B_ConfigureAttendeeConfirmation" time="3.858" classname="RegOnly_Show.G_HTML_Production_Config"/>
</testsuite> <!-- RegOnly_Show.G_HTML_Production_Config -->
