<?xml version="1.0" encoding="UTF-8"?>
<!-- Generated by org.testng.reporters.JUnitReportReporter -->
<testsuite name="showbuild.suiteB.ConfigureDemographics" tests="2" time="19.716" ignored="1" failures="0" timestamp="21 Mar 2017 13:30:50 GMT" skipped="0" hostname="MISHRAM" errors="0">
  <testcase name="Demographics" time="19.498" classname="showbuild.suiteB.ConfigureDemographics"/>
  <testcase name="CreateDemographics" time="0.218" classname="showbuild.suiteB.ConfigureDemographics"/>
  <testcase name="Config_Demographics" classname="showbuild.suiteB.ConfigureDemographics">
    <skipped/>
  </testcase> <!-- Config_Demographics -->
</testsuite> <!-- showbuild.suiteB.ConfigureDemographics -->
