<?xml version="1.0" encoding="UTF-8"?>
<!-- Generated by org.testng.reporters.JUnitReportReporter -->
<testsuite hostname="KULANDASAMYC" name="RegOnly_Show.D_DemographicQuestions" tests="3" failures="0" timestamp="12 Sep 2018 06:05:22 GMT" time="151.825" errors="0">
  <testcase name="C_CreateDemographicsQuestions" time="66.980" classname="RegOnly_Show.D_DemographicQuestions"/>
  <testcase name="A_Demographics" time="40.168" classname="RegOnly_Show.D_DemographicQuestions"/>
  <testcase name="B_Config_DemographicsQuestions" time="44.677" classname="RegOnly_Show.D_DemographicQuestions"/>
</testsuite> <!-- RegOnly_Show.D_DemographicQuestions -->
