<?xml version="1.0" encoding="UTF-8"?>
<!-- Generated by org.testng.reporters.JUnitReportReporter -->
<testsuite hostname="KULANDASAMYC" name="RegOnly_Show_1.C_ConfigureRegtypeExt" tests="2" failures="0" timestamp="28 Mar 2019 03:58:58 GMT" time="32.818" errors="0">
  <testcase name="A_RegtypeExt" time="25.616" classname="RegOnly_Show_1.C_ConfigureRegtypeExt"/>
  <testcase name="B_Config_RegType" time="7.202" classname="RegOnly_Show_1.C_ConfigureRegtypeExt"/>
</testsuite> <!-- RegOnly_Show_1.C_ConfigureRegtypeExt -->
