<?xml version="1.0" encoding="UTF-8"?>
<!-- Generated by org.testng.reporters.JUnitReportReporter -->
<testsuite hostname="KULANDASAMYC" name="RegOnly_Show.B_ConfigureStatuses" tests="24" failures="0" timestamp="20 Sep 2019 05:52:55 GMT" time="90.338" errors="0">
  <testcase name="E_ConfigureMembershipStatuses" time="1.985" classname="RegOnly_Show.B_ConfigureStatuses"/>
  <testcase name="F_MembershipStatus" time="2.893" classname="RegOnly_Show.B_ConfigureStatuses"/>
  <testcase name="H_RegistrationStatus" time="3.141" classname="RegOnly_Show.B_ConfigureStatuses"/>
  <testcase name="A_LoginAndFocusShow" time="24.565" classname="RegOnly_Show.B_ConfigureStatuses"/>
  <testcase name="D_DateStatus" time="2.999" classname="RegOnly_Show.B_ConfigureStatuses"/>
  <testcase name="D_DateStatus" time="3.200" classname="RegOnly_Show.B_ConfigureStatuses"/>
  <testcase name="D_DateStatus" time="3.134" classname="RegOnly_Show.B_ConfigureStatuses"/>
  <testcase name="H_RegistrationStatus" time="2.660" classname="RegOnly_Show.B_ConfigureStatuses"/>
  <testcase name="C_ConfigureDateStatuses" time="3.533" classname="RegOnly_Show.B_ConfigureStatuses"/>
  <testcase name="I_TearDown" time="0.520" classname="RegOnly_Show.B_ConfigureStatuses"/>
  <testcase name="F_MembershipStatus" time="2.849" classname="RegOnly_Show.B_ConfigureStatuses"/>
  <testcase name="D_DateStatus" time="4.752" classname="RegOnly_Show.B_ConfigureStatuses"/>
  <testcase name="D_DateStatus" time="3.052" classname="RegOnly_Show.B_ConfigureStatuses"/>
  <testcase name="B_Status" time="2.388" classname="RegOnly_Show.B_ConfigureStatuses"/>
  <testcase name="G_ConfigureRegistrationStatuses" time="2.074" classname="RegOnly_Show.B_ConfigureStatuses"/>
  <testcase name="D_DateStatus" time="3.227" classname="RegOnly_Show.B_ConfigureStatuses"/>
  <testcase name="D_DateStatus" time="3.287" classname="RegOnly_Show.B_ConfigureStatuses"/>
  <testcase name="H_RegistrationStatus" time="2.832" classname="RegOnly_Show.B_ConfigureStatuses"/>
  <testcase name="D_DateStatus" time="3.094" classname="RegOnly_Show.B_ConfigureStatuses"/>
  <testcase name="D_DateStatus" time="2.782" classname="RegOnly_Show.B_ConfigureStatuses"/>
  <testcase name="D_DateStatus" time="2.902" classname="RegOnly_Show.B_ConfigureStatuses"/>
  <testcase name="D_DateStatus" time="2.802" classname="RegOnly_Show.B_ConfigureStatuses"/>
  <testcase name="H_RegistrationStatus" time="2.819" classname="RegOnly_Show.B_ConfigureStatuses"/>
  <testcase name="D_DateStatus" time="2.848" classname="RegOnly_Show.B_ConfigureStatuses"/>
</testsuite> <!-- RegOnly_Show.B_ConfigureStatuses -->
