<?xml version="1.0" encoding="UTF-8"?>
<!-- Generated by org.testng.reporters.JUnitReportReporter -->
<testsuite hostname="KULANDASAMYC" name="Setup_Housing_2.C_SetupInventory" tests="2" failures="0" timestamp="28 Mar 2019 04:49:00 GMT" time="55.872" errors="0">
  <testcase name="A_LoginAndFocusShow" time="21.785" classname="Setup_Housing_2.C_SetupInventory"/>
  <testcase name="B_inventory_Setup" time="34.087" classname="Setup_Housing_2.C_SetupInventory"/>
</testsuite> <!-- Setup_Housing_2.C_SetupInventory -->
