<?xml version="1.0" encoding="UTF-8"?>
<!-- Generated by org.testng.reporters.JUnitReportReporter -->
<testsuite hostname="KULANDASAMYC" name="RegOnly_Show_1.J_ConfigureTracks" tests="4" failures="0" timestamp="28 Mar 2019 04:39:49 GMT" time="32.016" errors="0">
  <testcase name="B_Add_Tracks" time="7.692" classname="RegOnly_Show_1.J_ConfigureTracks"/>
  <testcase name="B_Add_Tracks" time="3.465" classname="RegOnly_Show_1.J_ConfigureTracks"/>
  <testcase name="B_Add_Tracks" time="6.429" classname="RegOnly_Show_1.J_ConfigureTracks"/>
  <testcase name="A_LoginAndFocus" time="14.430" classname="RegOnly_Show_1.J_ConfigureTracks"/>
</testsuite> <!-- RegOnly_Show_1.J_ConfigureTracks -->
