<?xml version="1.0" encoding="UTF-8"?>
<!-- Generated by org.testng.reporters.JUnitReportReporter -->
<testsuite hostname="KULANDASAMYC" name="RegOnly_Show.F_ConfigureFieldConfig" tests="2" failures="0" timestamp="12 Sep 2018 06:08:16 GMT" time="32.448" errors="0">
  <testcase name="A_FieldConfig" time="25.592" classname="RegOnly_Show.F_ConfigureFieldConfig"/>
  <testcase name="B_Config_LeadConfig" time="6.856" classname="RegOnly_Show.F_ConfigureFieldConfig"/>
</testsuite> <!-- RegOnly_Show.F_ConfigureFieldConfig -->
