<?xml version="1.0" encoding="UTF-8"?>
<!-- Generated by org.testng.reporters.JUnitReportReporter -->
<testsuite name="showbuild.suiteB.ConfigureFieldConfig" tests="2" time="36.244" ignored="0" failures="0" timestamp="28 Mar 2017 14:56:43 GMT" skipped="0" hostname="MISHRAM" errors="0">
  <testcase name="Config_LeadConfig" time="9.458" classname="showbuild.suiteB.ConfigureFieldConfig"/>
  <testcase name="FieldConfig" time="26.786" classname="showbuild.suiteB.ConfigureFieldConfig"/>
</testsuite> <!-- showbuild.suiteB.ConfigureFieldConfig -->
