<?xml version="1.0" encoding="UTF-8"?>
<!-- Generated by org.testng.reporters.JUnitReportReporter -->
<testsuite hostname="KULANDASAMYC" name="RegOnly_Show_1.I_ConfigureShowItems" tests="38" failures="0" timestamp="24 Oct 2019 14:35:47 GMT" time="698.929" errors="0">
  <testcase name="F_AddShowItems" time="81.090" classname="RegOnly_Show_1.I_ConfigureShowItems"/>
  <testcase name="D_ShowItemTree" time="5.005" classname="RegOnly_Show_1.I_ConfigureShowItems"/>
  <testcase name="F_AddShowItems" time="17.414" classname="RegOnly_Show_1.I_ConfigureShowItems"/>
  <testcase name="D_ShowItemTree" time="4.361" classname="RegOnly_Show_1.I_ConfigureShowItems"/>
  <testcase name="F_AddShowItems" time="17.979" classname="RegOnly_Show_1.I_ConfigureShowItems"/>
  <testcase name="F_AddShowItems" time="16.824" classname="RegOnly_Show_1.I_ConfigureShowItems"/>
  <testcase name="F_AddShowItems" time="17.261" classname="RegOnly_Show_1.I_ConfigureShowItems"/>
  <testcase name="F_AddShowItems" time="26.692" classname="RegOnly_Show_1.I_ConfigureShowItems"/>
  <testcase name="D_ShowItemTree" time="4.429" classname="RegOnly_Show_1.I_ConfigureShowItems"/>
  <testcase name="B_RegistrationFees" time="56.812" classname="RegOnly_Show_1.I_ConfigureShowItems"/>
  <testcase name="F_AddShowItems" time="16.808" classname="RegOnly_Show_1.I_ConfigureShowItems"/>
  <testcase name="A_LoginAndFocus" time="12.882" classname="RegOnly_Show_1.I_ConfigureShowItems"/>
  <testcase name="F_AddShowItems" time="22.158" classname="RegOnly_Show_1.I_ConfigureShowItems"/>
  <testcase name="F_AddShowItems" time="17.318" classname="RegOnly_Show_1.I_ConfigureShowItems"/>
  <testcase name="D_ShowItemTree" time="4.834" classname="RegOnly_Show_1.I_ConfigureShowItems"/>
  <testcase name="F_AddShowItems" time="16.594" classname="RegOnly_Show_1.I_ConfigureShowItems"/>
  <testcase name="F_AddShowItems" time="18.049" classname="RegOnly_Show_1.I_ConfigureShowItems"/>
  <testcase name="F_AddShowItems" time="15.086" classname="RegOnly_Show_1.I_ConfigureShowItems"/>
  <testcase name="F_AddShowItems" time="17.111" classname="RegOnly_Show_1.I_ConfigureShowItems"/>
  <testcase name="F_AddShowItems" time="16.793" classname="RegOnly_Show_1.I_ConfigureShowItems"/>
  <testcase name="C_CancellationFees" time="59.438" classname="RegOnly_Show_1.I_ConfigureShowItems"/>
  <testcase name="D_ShowItemTree" time="4.766" classname="RegOnly_Show_1.I_ConfigureShowItems"/>
  <testcase name="D_ShowItemTree" time="4.993" classname="RegOnly_Show_1.I_ConfigureShowItems"/>
  <testcase name="F_AddShowItems" time="17.365" classname="RegOnly_Show_1.I_ConfigureShowItems"/>
  <testcase name="F_AddShowItems" time="18.109" classname="RegOnly_Show_1.I_ConfigureShowItems"/>
  <testcase name="F_AddShowItems" time="17.865" classname="RegOnly_Show_1.I_ConfigureShowItems"/>
  <testcase name="F_AddShowItems" time="16.154" classname="RegOnly_Show_1.I_ConfigureShowItems"/>
  <testcase name="F_AddShowItems" time="18.049" classname="RegOnly_Show_1.I_ConfigureShowItems"/>
  <testcase name="E_ShowItemSUBTree" time="5.373" classname="RegOnly_Show_1.I_ConfigureShowItems"/>
  <testcase name="F_AddShowItems" time="18.513" classname="RegOnly_Show_1.I_ConfigureShowItems"/>
  <testcase name="F_AddShowItems" time="19.125" classname="RegOnly_Show_1.I_ConfigureShowItems"/>
  <testcase name="F_AddShowItems" time="18.169" classname="RegOnly_Show_1.I_ConfigureShowItems"/>
  <testcase name="E_ShowItemSUBTree" time="5.912" classname="RegOnly_Show_1.I_ConfigureShowItems"/>
  <testcase name="F_AddShowItems" time="15.165" classname="RegOnly_Show_1.I_ConfigureShowItems"/>
  <testcase name="F_AddShowItems" time="16.550" classname="RegOnly_Show_1.I_ConfigureShowItems"/>
  <testcase name="D_ShowItemTree" time="4.678" classname="RegOnly_Show_1.I_ConfigureShowItems"/>
  <testcase name="F_AddShowItems" time="16.405" classname="RegOnly_Show_1.I_ConfigureShowItems"/>
  <testcase name="F_AddShowItems" time="16.800" classname="RegOnly_Show_1.I_ConfigureShowItems"/>
</testsuite> <!-- RegOnly_Show_1.I_ConfigureShowItems -->
