<?xml version="1.0" encoding="UTF-8"?>
<!-- Generated by org.testng.reporters.JUnitReportReporter -->
<testsuite hostname="KULANDASAMYC" name="RegOnly_Show.I_ConfigureShowItems" tests="38" failures="0" timestamp="12 Sep 2018 06:23:26 GMT" time="519.153" errors="0">
  <testcase name="F_AddShowItems" time="13.964" classname="RegOnly_Show.I_ConfigureShowItems"/>
  <testcase name="D_ShowItemTree" time="4.503" classname="RegOnly_Show.I_ConfigureShowItems"/>
  <testcase name="F_AddShowItems" time="13.389" classname="RegOnly_Show.I_ConfigureShowItems"/>
  <testcase name="F_AddShowItems" time="13.494" classname="RegOnly_Show.I_ConfigureShowItems"/>
  <testcase name="E_ShowItemSUBTree" time="4.895" classname="RegOnly_Show.I_ConfigureShowItems"/>
  <testcase name="F_AddShowItems" time="13.783" classname="RegOnly_Show.I_ConfigureShowItems"/>
  <testcase name="F_AddShowItems" time="13.320" classname="RegOnly_Show.I_ConfigureShowItems"/>
  <testcase name="F_AddShowItems" time="13.277" classname="RegOnly_Show.I_ConfigureShowItems"/>
  <testcase name="F_AddShowItems" time="13.324" classname="RegOnly_Show.I_ConfigureShowItems"/>
  <testcase name="A_LoginAndFocus" time="19.469" classname="RegOnly_Show.I_ConfigureShowItems"/>
  <testcase name="C_CancellationFees" time="50.518" classname="RegOnly_Show.I_ConfigureShowItems"/>
  <testcase name="D_ShowItemTree" time="3.683" classname="RegOnly_Show.I_ConfigureShowItems"/>
  <testcase name="F_AddShowItems" time="13.684" classname="RegOnly_Show.I_ConfigureShowItems"/>
  <testcase name="F_AddShowItems" time="13.766" classname="RegOnly_Show.I_ConfigureShowItems"/>
  <testcase name="F_AddShowItems" time="13.593" classname="RegOnly_Show.I_ConfigureShowItems"/>
  <testcase name="D_ShowItemTree" time="3.637" classname="RegOnly_Show.I_ConfigureShowItems"/>
  <testcase name="F_AddShowItems" time="13.687" classname="RegOnly_Show.I_ConfigureShowItems"/>
  <testcase name="E_ShowItemSUBTree" time="4.781" classname="RegOnly_Show.I_ConfigureShowItems"/>
  <testcase name="F_AddShowItems" time="13.500" classname="RegOnly_Show.I_ConfigureShowItems"/>
  <testcase name="F_AddShowItems" time="12.936" classname="RegOnly_Show.I_ConfigureShowItems"/>
  <testcase name="F_AddShowItems" time="13.392" classname="RegOnly_Show.I_ConfigureShowItems"/>
  <testcase name="B_RegistrationFees" time="53.055" classname="RegOnly_Show.I_ConfigureShowItems"/>
  <testcase name="F_AddShowItems" time="14.875" classname="RegOnly_Show.I_ConfigureShowItems"/>
  <testcase name="F_AddShowItems" time="13.470" classname="RegOnly_Show.I_ConfigureShowItems"/>
  <testcase name="F_AddShowItems" time="13.389" classname="RegOnly_Show.I_ConfigureShowItems"/>
  <testcase name="F_AddShowItems" time="17.974" classname="RegOnly_Show.I_ConfigureShowItems"/>
  <testcase name="F_AddShowItems" time="13.415" classname="RegOnly_Show.I_ConfigureShowItems"/>
  <testcase name="F_AddShowItems" time="14.469" classname="RegOnly_Show.I_ConfigureShowItems"/>
  <testcase name="F_AddShowItems" time="13.449" classname="RegOnly_Show.I_ConfigureShowItems"/>
  <testcase name="F_AddShowItems" time="13.388" classname="RegOnly_Show.I_ConfigureShowItems"/>
  <testcase name="D_ShowItemTree" time="3.803" classname="RegOnly_Show.I_ConfigureShowItems"/>
  <testcase name="D_ShowItemTree" time="3.914" classname="RegOnly_Show.I_ConfigureShowItems"/>
  <testcase name="F_AddShowItems" time="15.069" classname="RegOnly_Show.I_ConfigureShowItems"/>
  <testcase name="F_AddShowItems" time="14.201" classname="RegOnly_Show.I_ConfigureShowItems"/>
  <testcase name="D_ShowItemTree" time="4.017" classname="RegOnly_Show.I_ConfigureShowItems"/>
  <testcase name="F_AddShowItems" time="13.707" classname="RegOnly_Show.I_ConfigureShowItems"/>
  <testcase name="D_ShowItemTree" time="3.996" classname="RegOnly_Show.I_ConfigureShowItems"/>
  <testcase name="F_AddShowItems" time="12.367" classname="RegOnly_Show.I_ConfigureShowItems"/>
</testsuite> <!-- RegOnly_Show.I_ConfigureShowItems -->
