<?xml version="1.0" encoding="UTF-8"?>
<!-- Generated by org.testng.reporters.JUnitReportReporter -->
<testsuite hostname="KULANDASAMYC" name="RegOnly_Show.E_DemographicAnswers" tests="2" failures="0" timestamp="20 Sep 2019 05:57:30 GMT" time="70.334" errors="0">
  <testcase name="B_Config_DemographicsAnswers" time="58.681" classname="RegOnly_Show.E_DemographicAnswers"/>
  <testcase name="A_Demographics" time="11.653" classname="RegOnly_Show.E_DemographicAnswers"/>
</testsuite> <!-- RegOnly_Show.E_DemographicAnswers -->
