<?xml version="1.0" encoding="UTF-8"?>
<!-- Generated by org.testng.reporters.JUnitReportReporter -->
<testsuite hostname="KULANDASAMYC" name="RegOnly_Show.D_DemographicQuestions" tests="3" failures="0" timestamp="20 Sep 2019 05:56:06 GMT" time="108.851" errors="0">
  <testcase name="A_Demographics" time="16.643" classname="RegOnly_Show.D_DemographicQuestions"/>
  <testcase name="B_Config_DemographicsQuestions" time="37.929" classname="RegOnly_Show.D_DemographicQuestions"/>
  <testcase name="C_CreateDemographicsQuestions" time="54.279" classname="RegOnly_Show.D_DemographicQuestions"/>
</testsuite> <!-- RegOnly_Show.D_DemographicQuestions -->
