<?xml version="1.0" encoding="UTF-8"?>
<!-- Generated by org.testng.reporters.JUnitReportReporter -->
<testsuite name="showbuild.suiteA.Login" tests="1" time="7.546" ignored="0" failures="0" timestamp="25 May 2017 10:04:37 GMT" skipped="0" hostname="MISHRAM" errors="0">
  <testcase name="testcase_Login" time="7.546" classname="showbuild.suiteA.Login"/>
</testsuite> <!-- showbuild.suiteA.Login -->
