<?xml version="1.0" encoding="UTF-8"?>
<!-- Generated by org.testng.reporters.JUnitReportReporter -->
<testsuite hostname="KULANDASAMYC" name="RegOnly_Show.A_ConfigureSchedules" tests="20" failures="0" timestamp="20 Sep 2019 05:47:56 GMT" time="139.632" errors="0">
  <testcase name="C_AddSchedules" time="5.386" classname="RegOnly_Show.A_ConfigureSchedules"/>
  <testcase name="G_AddSchedulesStage" time="5.777" classname="RegOnly_Show.A_ConfigureSchedules"/>
  <testcase name="G_AddSchedulesStage" time="7.723" classname="RegOnly_Show.A_ConfigureSchedules"/>
  <testcase name="A_Schedules_LoginAndFocusProd" time="12.765" classname="RegOnly_Show.A_ConfigureSchedules"/>
  <testcase name="G_AddSchedulesStage" time="5.851" classname="RegOnly_Show.A_ConfigureSchedules"/>
  <testcase name="H_AddOnsiteRegistrationStage" time="3.630" classname="RegOnly_Show.A_ConfigureSchedules"/>
  <testcase name="D_AddOnsiteRegistration" time="3.204" classname="RegOnly_Show.A_ConfigureSchedules"/>
  <testcase name="F_SchedulesStage" time="2.518" classname="RegOnly_Show.A_ConfigureSchedules"/>
  <testcase name="C_AddSchedules" time="5.982" classname="RegOnly_Show.A_ConfigureSchedules"/>
  <testcase name="C_AddSchedules" time="5.561" classname="RegOnly_Show.A_ConfigureSchedules"/>
  <testcase name="E_LoginAndFocusStage" time="24.966" classname="RegOnly_Show.A_ConfigureSchedules"/>
  <testcase name="G_AddSchedulesStage" time="5.459" classname="RegOnly_Show.A_ConfigureSchedules"/>
  <testcase name="C_AddSchedules" time="6.031" classname="RegOnly_Show.A_ConfigureSchedules"/>
  <testcase name="G_AddSchedulesStage" time="5.673" classname="RegOnly_Show.A_ConfigureSchedules"/>
  <testcase name="C_AddSchedules" time="5.534" classname="RegOnly_Show.A_ConfigureSchedules"/>
  <testcase name="B_Schedules" time="5.509" classname="RegOnly_Show.A_ConfigureSchedules"/>
  <testcase name="G_AddSchedulesStage" time="10.051" classname="RegOnly_Show.A_ConfigureSchedules"/>
  <testcase name="C_AddSchedules" time="6.712" classname="RegOnly_Show.A_ConfigureSchedules"/>
  <testcase name="C_AddSchedules" time="5.540" classname="RegOnly_Show.A_ConfigureSchedules"/>
  <testcase name="G_AddSchedulesStage" time="5.760" classname="RegOnly_Show.A_ConfigureSchedules"/>
</testsuite> <!-- RegOnly_Show.A_ConfigureSchedules -->
