<?xml version="1.0" encoding="UTF-8"?>
<!-- Generated by org.testng.reporters.JUnitReportReporter -->
<testsuite name="showbuild.suiteC.ConfigureStatuses" tests="9" time="0.025" ignored="0" failures="0" timestamp="09 Mar 2017 09:24:10 GMT" skipped="9" hostname="MISHRAM" errors="0">
  <testcase name="ConfigureDateStatuses" time="0.003" classname="showbuild.suiteC.ConfigureStatuses">
    <skipped/>
  </testcase> <!-- ConfigureDateStatuses -->
  <testcase name="ConfigureRegistrationStatuses" time="0.004" classname="showbuild.suiteC.ConfigureStatuses">
    <skipped/>
  </testcase> <!-- ConfigureRegistrationStatuses -->
  <testcase name="ConfigureMembershipStatuses" time="0.002" classname="showbuild.suiteC.ConfigureStatuses">
    <skipped/>
  </testcase> <!-- ConfigureMembershipStatuses -->
  <testcase name="ConfigureMembershipStatuses" time="0.002" classname="showbuild.suiteC.ConfigureStatuses">
    <skipped/>
  </testcase> <!-- ConfigureMembershipStatuses -->
  <testcase name="ConfigureDateStatuses" time="0.001" classname="showbuild.suiteC.ConfigureStatuses">
    <skipped/>
  </testcase> <!-- ConfigureDateStatuses -->
  <testcase name="ConfigureRegistrationStatuses" time="0.006" classname="showbuild.suiteC.ConfigureStatuses">
    <skipped/>
  </testcase> <!-- ConfigureRegistrationStatuses -->
  <testcase name="ConfigureRegistrationStatuses" time="0.005" classname="showbuild.suiteC.ConfigureStatuses">
    <skipped/>
  </testcase> <!-- ConfigureRegistrationStatuses -->
  <testcase name="ConfigureRegistrationStatuses" time="0.001" classname="showbuild.suiteC.ConfigureStatuses">
    <skipped/>
  </testcase> <!-- ConfigureRegistrationStatuses -->
  <testcase name="ConfigureDateStatuses" time="0.001" classname="showbuild.suiteC.ConfigureStatuses">
    <skipped/>
  </testcase> <!-- ConfigureDateStatuses -->
</testsuite> <!-- showbuild.suiteC.ConfigureStatuses -->
