<?xml version="1.0" encoding="UTF-8"?>
<!-- Generated by org.testng.reporters.JUnitReportReporter -->
<testsuite hostname="KULANDASAMYC" name="RegOnly_Show.K_ConfigurePackages" tests="2" failures="0" timestamp="12 Sep 2018 06:29:35 GMT" time="47.470" errors="0">
  <testcase name="B_Add_Packages" time="26.492" classname="RegOnly_Show.K_ConfigurePackages"/>
  <testcase name="A_LoginAndFocus" time="20.978" classname="RegOnly_Show.K_ConfigurePackages"/>
</testsuite> <!-- RegOnly_Show.K_ConfigurePackages -->
