<?xml version="1.0" encoding="UTF-8"?>
<!-- Generated by org.testng.reporters.JUnitReportReporter -->
<testsuite hostname="KULANDASAMYC" name="Configure_Show.DemographicQuestions" tests="3" failures="0" timestamp="18 Jun 2018 13:24:59 GMT" time="218.455" errors="0">
  <testcase name="B_Config_DemographicsQuestions" time="37.683" classname="Configure_Show.DemographicQuestions"/>
  <testcase name="A_Demographics" time="65.492" classname="Configure_Show.DemographicQuestions"/>
  <testcase name="C_CreateDemographicsQuestions" time="115.280" classname="Configure_Show.DemographicQuestions"/>
</testsuite> <!-- Configure_Show.DemographicQuestions -->
