<?xml version="1.0" encoding="UTF-8"?>
<!-- Generated by org.testng.reporters.JUnitReportReporter -->
<testsuite hostname="KULANDASAMYC" name="RegOnly_Show.I_ConfigureShowItems" tests="38" failures="0" timestamp="18 Jan 2019 10:57:51 GMT" time="571.736" errors="0">
  <testcase name="F_AddShowItems" time="16.035" classname="RegOnly_Show.I_ConfigureShowItems"/>
  <testcase name="D_ShowItemTree" time="4.281" classname="RegOnly_Show.I_ConfigureShowItems"/>
  <testcase name="F_AddShowItems" time="15.582" classname="RegOnly_Show.I_ConfigureShowItems"/>
  <testcase name="D_ShowItemTree" time="4.120" classname="RegOnly_Show.I_ConfigureShowItems"/>
  <testcase name="F_AddShowItems" time="14.399" classname="RegOnly_Show.I_ConfigureShowItems"/>
  <testcase name="F_AddShowItems" time="15.331" classname="RegOnly_Show.I_ConfigureShowItems"/>
  <testcase name="F_AddShowItems" time="16.728" classname="RegOnly_Show.I_ConfigureShowItems"/>
  <testcase name="F_AddShowItems" time="15.812" classname="RegOnly_Show.I_ConfigureShowItems"/>
  <testcase name="D_ShowItemTree" time="4.014" classname="RegOnly_Show.I_ConfigureShowItems"/>
  <testcase name="B_RegistrationFees" time="55.115" classname="RegOnly_Show.I_ConfigureShowItems"/>
  <testcase name="F_AddShowItems" time="14.958" classname="RegOnly_Show.I_ConfigureShowItems"/>
  <testcase name="A_LoginAndFocus" time="11.478" classname="RegOnly_Show.I_ConfigureShowItems"/>
  <testcase name="F_AddShowItems" time="16.636" classname="RegOnly_Show.I_ConfigureShowItems"/>
  <testcase name="F_AddShowItems" time="15.758" classname="RegOnly_Show.I_ConfigureShowItems"/>
  <testcase name="D_ShowItemTree" time="4.017" classname="RegOnly_Show.I_ConfigureShowItems"/>
  <testcase name="F_AddShowItems" time="15.665" classname="RegOnly_Show.I_ConfigureShowItems"/>
  <testcase name="F_AddShowItems" time="15.713" classname="RegOnly_Show.I_ConfigureShowItems"/>
  <testcase name="F_AddShowItems" time="16.515" classname="RegOnly_Show.I_ConfigureShowItems"/>
  <testcase name="F_AddShowItems" time="15.913" classname="RegOnly_Show.I_ConfigureShowItems"/>
  <testcase name="F_AddShowItems" time="16.155" classname="RegOnly_Show.I_ConfigureShowItems"/>
  <testcase name="C_CancellationFees" time="54.583" classname="RegOnly_Show.I_ConfigureShowItems"/>
  <testcase name="D_ShowItemTree" time="4.117" classname="RegOnly_Show.I_ConfigureShowItems"/>
  <testcase name="D_ShowItemTree" time="4.213" classname="RegOnly_Show.I_ConfigureShowItems"/>
  <testcase name="F_AddShowItems" time="15.565" classname="RegOnly_Show.I_ConfigureShowItems"/>
  <testcase name="F_AddShowItems" time="16.400" classname="RegOnly_Show.I_ConfigureShowItems"/>
  <testcase name="F_AddShowItems" time="16.068" classname="RegOnly_Show.I_ConfigureShowItems"/>
  <testcase name="F_AddShowItems" time="15.829" classname="RegOnly_Show.I_ConfigureShowItems"/>
  <testcase name="F_AddShowItems" time="14.830" classname="RegOnly_Show.I_ConfigureShowItems"/>
  <testcase name="E_ShowItemSUBTree" time="5.285" classname="RegOnly_Show.I_ConfigureShowItems"/>
  <testcase name="F_AddShowItems" time="16.784" classname="RegOnly_Show.I_ConfigureShowItems"/>
  <testcase name="F_AddShowItems" time="17.664" classname="RegOnly_Show.I_ConfigureShowItems"/>
  <testcase name="F_AddShowItems" time="15.872" classname="RegOnly_Show.I_ConfigureShowItems"/>
  <testcase name="E_ShowItemSUBTree" time="5.386" classname="RegOnly_Show.I_ConfigureShowItems"/>
  <testcase name="F_AddShowItems" time="14.188" classname="RegOnly_Show.I_ConfigureShowItems"/>
  <testcase name="F_AddShowItems" time="15.150" classname="RegOnly_Show.I_ConfigureShowItems"/>
  <testcase name="D_ShowItemTree" time="4.065" classname="RegOnly_Show.I_ConfigureShowItems"/>
  <testcase name="F_AddShowItems" time="15.931" classname="RegOnly_Show.I_ConfigureShowItems"/>
  <testcase name="F_AddShowItems" time="15.581" classname="RegOnly_Show.I_ConfigureShowItems"/>
</testsuite> <!-- RegOnly_Show.I_ConfigureShowItems -->
