<?xml version="1.0" encoding="UTF-8"?>
<!-- Generated by org.testng.reporters.JUnitReportReporter -->
<testsuite hostname="KULANDASAMYC" name="Configure_Show.ConfigureSpeakers" tests="17" failures="0" timestamp="18 Jun 2018 13:24:59 GMT" time="175.716" errors="0">
  <testcase name="B_AddSpeakers" time="6.260" classname="Configure_Show.ConfigureSpeakers"/>
  <testcase name="B_AddSpeakers" time="6.096" classname="Configure_Show.ConfigureSpeakers"/>
  <testcase name="B_AddSpeakers" time="5.862" classname="Configure_Show.ConfigureSpeakers"/>
  <testcase name="B_AddSpeakers" time="5.590" classname="Configure_Show.ConfigureSpeakers"/>
  <testcase name="B_AddSpeakers" time="20.991" classname="Configure_Show.ConfigureSpeakers"/>
  <testcase name="B_AddSpeakers" time="5.389" classname="Configure_Show.ConfigureSpeakers"/>
  <testcase name="A_LoginAndFocusShow" time="63.687" classname="Configure_Show.ConfigureSpeakers"/>
  <testcase name="B_AddSpeakers" time="5.825" classname="Configure_Show.ConfigureSpeakers"/>
  <testcase name="B_AddSpeakers" time="5.946" classname="Configure_Show.ConfigureSpeakers"/>
  <testcase name="B_AddSpeakers" time="5.539" classname="Configure_Show.ConfigureSpeakers"/>
  <testcase name="B_AddSpeakers" time="5.951" classname="Configure_Show.ConfigureSpeakers"/>
  <testcase name="B_AddSpeakers" time="7.161" classname="Configure_Show.ConfigureSpeakers"/>
  <testcase name="B_AddSpeakers" time="5.734" classname="Configure_Show.ConfigureSpeakers"/>
  <testcase name="B_AddSpeakers" time="5.636" classname="Configure_Show.ConfigureSpeakers"/>
  <testcase name="B_AddSpeakers" time="5.677" classname="Configure_Show.ConfigureSpeakers"/>
  <testcase name="B_AddSpeakers" time="7.156" classname="Configure_Show.ConfigureSpeakers"/>
  <testcase name="B_AddSpeakers" time="7.216" classname="Configure_Show.ConfigureSpeakers"/>
</testsuite> <!-- Configure_Show.ConfigureSpeakers -->
