<?xml version="1.0" encoding="UTF-8"?>
<!-- Generated by org.testng.reporters.JUnitReportReporter -->
<testsuite hostname="KULANDASAMYC" name="Configure_Show.ConfigurePackages" tests="2" failures="0" timestamp="18 Jun 2018 13:24:59 GMT" time="85.060" errors="0">
  <testcase name="A_LoginAndFocus" time="63.184" classname="Configure_Show.ConfigurePackages"/>
  <testcase name="B_Add_Packages" time="21.876" classname="Configure_Show.ConfigurePackages"/>
</testsuite> <!-- Configure_Show.ConfigurePackages -->
