<?xml version="1.0" encoding="UTF-8"?>
<!-- Generated by org.testng.reporters.JUnitReportReporter -->
<testsuite hostname="KULANDASAMYC" name="Configure_Show.ConfigureStatuses" tests="15" failures="0" timestamp="18 Jun 2018 13:24:59 GMT" time="46.664" errors="0">
  <testcase name="G_ConfigureRegistrationStatuses" time="1.226" classname="Configure_Show.ConfigureStatuses"/>
  <testcase name="E_ConfigureMembershipStatuses" time="0.977" classname="Configure_Show.ConfigureStatuses"/>
  <testcase name="C_ConfigureDateStatuses" time="2.554" classname="Configure_Show.ConfigureStatuses"/>
  <testcase name="A_LoginAndFocusShow" time="9.979" classname="Configure_Show.ConfigureStatuses"/>
  <testcase name="H_RegistrationStatus" time="2.737" classname="Configure_Show.ConfigureStatuses"/>
  <testcase name="H_RegistrationStatus" time="2.615" classname="Configure_Show.ConfigureStatuses"/>
  <testcase name="I_TearDown" time="0.507" classname="Configure_Show.ConfigureStatuses"/>
  <testcase name="F_MembershipStatus" time="3.983" classname="Configure_Show.ConfigureStatuses"/>
  <testcase name="D_DateStatus" time="2.973" classname="Configure_Show.ConfigureStatuses"/>
  <testcase name="F_MembershipStatus" time="2.751" classname="Configure_Show.ConfigureStatuses"/>
  <testcase name="H_RegistrationStatus" time="2.621" classname="Configure_Show.ConfigureStatuses"/>
  <testcase name="D_DateStatus" time="3.038" classname="Configure_Show.ConfigureStatuses"/>
  <testcase name="B_Status" time="1.975" classname="Configure_Show.ConfigureStatuses"/>
  <testcase name="D_DateStatus" time="4.699" classname="Configure_Show.ConfigureStatuses"/>
  <testcase name="H_RegistrationStatus" time="4.029" classname="Configure_Show.ConfigureStatuses"/>
</testsuite> <!-- Configure_Show.ConfigureStatuses -->
