<?xml version="1.0" encoding="UTF-8"?>
<!-- Generated by org.testng.reporters.JUnitReportReporter -->
<testsuite hostname="KULANDASAMYC" name="RegOnly_Show_1.A_ConfigureSchedules" tests="20" failures="0" timestamp="24 Oct 2019 13:52:20 GMT" time="118.964" errors="0">
  <testcase name="C_AddSchedules" time="5.811" classname="RegOnly_Show_1.A_ConfigureSchedules"/>
  <testcase name="G_AddSchedulesStage" time="5.508" classname="RegOnly_Show_1.A_ConfigureSchedules"/>
  <testcase name="G_AddSchedulesStage" time="6.513" classname="RegOnly_Show_1.A_ConfigureSchedules"/>
  <testcase name="A_Schedules_LoginAndFocusProd" time="17.336" classname="RegOnly_Show_1.A_ConfigureSchedules"/>
  <testcase name="G_AddSchedulesStage" time="5.509" classname="RegOnly_Show_1.A_ConfigureSchedules"/>
  <testcase name="H_AddOnsiteRegistrationStage" time="4.016" classname="RegOnly_Show_1.A_ConfigureSchedules"/>
  <testcase name="D_AddOnsiteRegistration" time="3.860" classname="RegOnly_Show_1.A_ConfigureSchedules"/>
  <testcase name="F_SchedulesStage" time="1.652" classname="RegOnly_Show_1.A_ConfigureSchedules"/>
  <testcase name="C_AddSchedules" time="6.062" classname="RegOnly_Show_1.A_ConfigureSchedules"/>
  <testcase name="C_AddSchedules" time="5.450" classname="RegOnly_Show_1.A_ConfigureSchedules"/>
  <testcase name="E_LoginAndFocusStage" time="3.298" classname="RegOnly_Show_1.A_ConfigureSchedules"/>
  <testcase name="G_AddSchedulesStage" time="6.079" classname="RegOnly_Show_1.A_ConfigureSchedules"/>
  <testcase name="C_AddSchedules" time="5.671" classname="RegOnly_Show_1.A_ConfigureSchedules"/>
  <testcase name="G_AddSchedulesStage" time="6.348" classname="RegOnly_Show_1.A_ConfigureSchedules"/>
  <testcase name="C_AddSchedules" time="5.467" classname="RegOnly_Show_1.A_ConfigureSchedules"/>
  <testcase name="B_Schedules" time="5.759" classname="RegOnly_Show_1.A_ConfigureSchedules"/>
  <testcase name="G_AddSchedulesStage" time="7.108" classname="RegOnly_Show_1.A_ConfigureSchedules"/>
  <testcase name="C_AddSchedules" time="5.888" classname="RegOnly_Show_1.A_ConfigureSchedules"/>
  <testcase name="C_AddSchedules" time="5.939" classname="RegOnly_Show_1.A_ConfigureSchedules"/>
  <testcase name="G_AddSchedulesStage" time="5.690" classname="RegOnly_Show_1.A_ConfigureSchedules"/>
</testsuite> <!-- RegOnly_Show_1.A_ConfigureSchedules -->
