<?xml version="1.0" encoding="UTF-8"?>
<!-- Generated by org.testng.reporters.JUnitReportReporter -->
<testsuite hostname="KULANDASAMYC" name="RegOnly_Show.C_ConfigureRegtypeExt" tests="2" failures="0" timestamp="18 Jan 2019 09:44:22 GMT" time="33.687" errors="0">
  <testcase name="A_RegtypeExt" time="27.263" classname="RegOnly_Show.C_ConfigureRegtypeExt"/>
  <testcase name="B_Config_RegType" time="6.424" classname="RegOnly_Show.C_ConfigureRegtypeExt"/>
</testsuite> <!-- RegOnly_Show.C_ConfigureRegtypeExt -->
