<?xml version="1.0" encoding="UTF-8"?>
<!-- Generated by org.testng.reporters.JUnitReportReporter -->
<testsuite hostname="KULANDASAMYC" name="RegOnly_Show.K_ConfigurePackages" tests="2" failures="0" timestamp="20 Sep 2019 06:24:30 GMT" time="37.127" errors="0">
  <testcase name="B_Add_Packages" time="24.765" classname="RegOnly_Show.K_ConfigurePackages"/>
  <testcase name="A_LoginAndFocus" time="12.362" classname="RegOnly_Show.K_ConfigurePackages"/>
</testsuite> <!-- RegOnly_Show.K_ConfigurePackages -->
