<?xml version="1.0" encoding="UTF-8"?>
<!-- Generated by org.testng.reporters.JUnitReportReporter -->
<testsuite hostname="KULANDASAMYC" name="RegOnly_Show_1.H_ConfigureSpeakers" tests="17" failures="0" timestamp="28 Mar 2019 04:26:29 GMT" time="124.728" errors="0">
  <testcase name="B_AddSpeakers" time="6.299" classname="RegOnly_Show_1.H_ConfigureSpeakers"/>
  <testcase name="B_AddSpeakers" time="6.233" classname="RegOnly_Show_1.H_ConfigureSpeakers"/>
  <testcase name="B_AddSpeakers" time="6.597" classname="RegOnly_Show_1.H_ConfigureSpeakers"/>
  <testcase name="B_AddSpeakers" time="6.233" classname="RegOnly_Show_1.H_ConfigureSpeakers"/>
  <testcase name="B_AddSpeakers" time="6.166" classname="RegOnly_Show_1.H_ConfigureSpeakers"/>
  <testcase name="B_AddSpeakers" time="6.304" classname="RegOnly_Show_1.H_ConfigureSpeakers"/>
  <testcase name="B_AddSpeakers" time="13.365" classname="RegOnly_Show_1.H_ConfigureSpeakers"/>
  <testcase name="B_AddSpeakers" time="6.335" classname="RegOnly_Show_1.H_ConfigureSpeakers"/>
  <testcase name="B_AddSpeakers" time="6.550" classname="RegOnly_Show_1.H_ConfigureSpeakers"/>
  <testcase name="B_AddSpeakers" time="6.535" classname="RegOnly_Show_1.H_ConfigureSpeakers"/>
  <testcase name="B_AddSpeakers" time="6.801" classname="RegOnly_Show_1.H_ConfigureSpeakers"/>
  <testcase name="B_AddSpeakers" time="6.381" classname="RegOnly_Show_1.H_ConfigureSpeakers"/>
  <testcase name="A_LoginAndFocusShow" time="15.148" classname="RegOnly_Show_1.H_ConfigureSpeakers"/>
  <testcase name="B_AddSpeakers" time="6.366" classname="RegOnly_Show_1.H_ConfigureSpeakers"/>
  <testcase name="B_AddSpeakers" time="7.048" classname="RegOnly_Show_1.H_ConfigureSpeakers"/>
  <testcase name="B_AddSpeakers" time="6.217" classname="RegOnly_Show_1.H_ConfigureSpeakers"/>
  <testcase name="B_AddSpeakers" time="6.150" classname="RegOnly_Show_1.H_ConfigureSpeakers"/>
</testsuite> <!-- RegOnly_Show_1.H_ConfigureSpeakers -->
