<?xml version="1.0" encoding="UTF-8"?>
<!-- Generated by org.testng.reporters.JUnitReportReporter -->
<testsuite hostname="KULANDASAMYC" name="Configure_Show.HTML_Production_Config" tests="4" failures="0" timestamp="18 Jun 2018 13:24:59 GMT" time="70.584" errors="0">
  <testcase name="A_HTMLProdConfig" time="62.801" classname="Configure_Show.HTML_Production_Config"/>
  <testcase name="D_ConfigureInviteFriend" time="2.038" classname="Configure_Show.HTML_Production_Config"/>
  <testcase name="C_ConfigureExhibitorConfirmation" time="2.529" classname="Configure_Show.HTML_Production_Config"/>
  <testcase name="B_ConfigureAttendeeConfirmation" time="3.216" classname="Configure_Show.HTML_Production_Config"/>
</testsuite> <!-- Configure_Show.HTML_Production_Config -->
