<?xml version="1.0" encoding="UTF-8"?>
<!-- Generated by org.testng.reporters.JUnitReportReporter -->
<testsuite hostname="KULANDASAMYC" name="HousingOnly_Show.C_SetupInventory" tests="2" failures="0" timestamp="9 Jul 2019 07:28:15 GMT" time="59.162" errors="0">
  <testcase name="A_LoginAndFocusShow" time="27.997" classname="HousingOnly_Show.C_SetupInventory"/>
  <testcase name="B_inventory_Setup" time="31.165" classname="HousingOnly_Show.C_SetupInventory"/>
</testsuite> <!-- HousingOnly_Show.C_SetupInventory -->
