<?xml version="1.0" encoding="UTF-8"?>
<!-- Generated by org.testng.reporters.JUnitReportReporter -->
<testsuite name="com.qtpselenium.suiteA.TestCase_A1" tests="1" time="0.006" ignored="0" failures="0" timestamp="13 Feb 2017 14:23:20 GMT" skipped="1" hostname="MISHRAM" errors="0">
  <testcase name="testcaseA1" time="0.006" classname="com.qtpselenium.suiteA.TestCase_A1">
    <skipped/>
  </testcase> <!-- testcaseA1 -->
</testsuite> <!-- com.qtpselenium.suiteA.TestCase_A1 -->
