<?xml version="1.0" encoding="UTF-8"?>
<!-- Generated by org.testng.reporters.JUnitReportReporter -->
<testsuite hostname="KULANDASAMYC" name="Setup_Housing.A_EventAdminDetails" tests="2" failures="0" timestamp="14 Feb 2019 06:58:49 GMT" time="99.595" errors="0">
  <testcase name="A_LoginAndFocusShow" time="13.685" classname="Setup_Housing.A_EventAdminDetails"/>
  <testcase name="B_AddEventAdminDetails" time="85.910" classname="Setup_Housing.A_EventAdminDetails"/>
</testsuite> <!-- Setup_Housing.A_EventAdminDetails -->
