<?xml version="1.0" encoding="UTF-8"?>
<!-- Generated by org.testng.reporters.JUnitReportReporter -->
<testsuite hostname="KULANDASAMYC" name="RegOnly_Show.B_ConfigureStatuses" tests="15" failures="0" timestamp="12 Sep 2018 06:01:35 GMT" time="47.200" errors="0">
  <testcase name="H_RegistrationStatus" time="2.292" classname="RegOnly_Show.B_ConfigureStatuses"/>
  <testcase name="E_ConfigureMembershipStatuses" time="0.870" classname="RegOnly_Show.B_ConfigureStatuses"/>
  <testcase name="F_MembershipStatus" time="3.792" classname="RegOnly_Show.B_ConfigureStatuses"/>
  <testcase name="D_DateStatus" time="5.388" classname="RegOnly_Show.B_ConfigureStatuses"/>
  <testcase name="F_MembershipStatus" time="2.526" classname="RegOnly_Show.B_ConfigureStatuses"/>
  <testcase name="H_RegistrationStatus" time="2.162" classname="RegOnly_Show.B_ConfigureStatuses"/>
  <testcase name="C_ConfigureDateStatuses" time="2.910" classname="RegOnly_Show.B_ConfigureStatuses"/>
  <testcase name="D_DateStatus" time="2.622" classname="RegOnly_Show.B_ConfigureStatuses"/>
  <testcase name="H_RegistrationStatus" time="2.217" classname="RegOnly_Show.B_ConfigureStatuses"/>
  <testcase name="A_LoginAndFocusShow" time="13.640" classname="RegOnly_Show.B_ConfigureStatuses"/>
  <testcase name="G_ConfigureRegistrationStatuses" time="0.825" classname="RegOnly_Show.B_ConfigureStatuses"/>
  <testcase name="B_Status" time="1.475" classname="RegOnly_Show.B_ConfigureStatuses"/>
  <testcase name="H_RegistrationStatus" time="3.397" classname="RegOnly_Show.B_ConfigureStatuses"/>
  <testcase name="D_DateStatus" time="2.666" classname="RegOnly_Show.B_ConfigureStatuses"/>
  <testcase name="I_TearDown" time="0.418" classname="RegOnly_Show.B_ConfigureStatuses"/>
</testsuite> <!-- RegOnly_Show.B_ConfigureStatuses -->
