<?xml version="1.0" encoding="UTF-8"?>
<!-- Generated by org.testng.reporters.JUnitReportReporter -->
<testsuite hostname="KULANDASAMYC" name="Configure_Show.C_ConfigureRegtypeExt" tests="2" failures="0" timestamp="6 Aug 2018 10:14:41 GMT" time="32.263" errors="0">
  <testcase name="B_Config_RegType" time="7.546" classname="Configure_Show.C_ConfigureRegtypeExt"/>
  <testcase name="A_RegtypeExt" time="24.717" classname="Configure_Show.C_ConfigureRegtypeExt"/>
</testsuite> <!-- Configure_Show.C_ConfigureRegtypeExt -->
