<?xml version="1.0" encoding="UTF-8"?>
<!-- Generated by org.testng.reporters.JUnitReportReporter -->
<testsuite hostname="KULANDASAMYC" name="RegOnly_Show.H_ConfigureSpeakers" tests="17" failures="0" timestamp="20 Sep 2019 06:01:34 GMT" time="131.633" errors="0">
  <testcase name="B_AddSpeakers" time="6.930" classname="RegOnly_Show.H_ConfigureSpeakers"/>
  <testcase name="B_AddSpeakers" time="7.293" classname="RegOnly_Show.H_ConfigureSpeakers"/>
  <testcase name="B_AddSpeakers" time="7.107" classname="RegOnly_Show.H_ConfigureSpeakers"/>
  <testcase name="B_AddSpeakers" time="6.812" classname="RegOnly_Show.H_ConfigureSpeakers"/>
  <testcase name="B_AddSpeakers" time="6.916" classname="RegOnly_Show.H_ConfigureSpeakers"/>
  <testcase name="B_AddSpeakers" time="7.183" classname="RegOnly_Show.H_ConfigureSpeakers"/>
  <testcase name="B_AddSpeakers" time="7.666" classname="RegOnly_Show.H_ConfigureSpeakers"/>
  <testcase name="B_AddSpeakers" time="8.439" classname="RegOnly_Show.H_ConfigureSpeakers"/>
  <testcase name="B_AddSpeakers" time="7.255" classname="RegOnly_Show.H_ConfigureSpeakers"/>
  <testcase name="B_AddSpeakers" time="7.249" classname="RegOnly_Show.H_ConfigureSpeakers"/>
  <testcase name="B_AddSpeakers" time="7.314" classname="RegOnly_Show.H_ConfigureSpeakers"/>
  <testcase name="B_AddSpeakers" time="7.579" classname="RegOnly_Show.H_ConfigureSpeakers"/>
  <testcase name="A_LoginAndFocusShow" time="15.707" classname="RegOnly_Show.H_ConfigureSpeakers"/>
  <testcase name="B_AddSpeakers" time="6.843" classname="RegOnly_Show.H_ConfigureSpeakers"/>
  <testcase name="B_AddSpeakers" time="7.391" classname="RegOnly_Show.H_ConfigureSpeakers"/>
  <testcase name="B_AddSpeakers" time="6.816" classname="RegOnly_Show.H_ConfigureSpeakers"/>
  <testcase name="B_AddSpeakers" time="7.133" classname="RegOnly_Show.H_ConfigureSpeakers"/>
</testsuite> <!-- RegOnly_Show.H_ConfigureSpeakers -->
