<?xml version="1.0" encoding="UTF-8"?>
<!-- Generated by org.testng.reporters.JUnitReportReporter -->
<testsuite hostname="KULANDASAMYC" name="RegOnly_Show_1.D_DemographicQuestions" tests="3" failures="0" timestamp="24 Oct 2019 14:03:23 GMT" time="122.130" errors="0">
  <testcase name="A_Demographics" time="16.166" classname="RegOnly_Show_1.D_DemographicQuestions"/>
  <testcase name="B_Config_DemographicsQuestions" time="38.453" classname="RegOnly_Show_1.D_DemographicQuestions"/>
  <testcase name="C_CreateDemographicsQuestions" time="67.511" classname="RegOnly_Show_1.D_DemographicQuestions"/>
</testsuite> <!-- RegOnly_Show_1.D_DemographicQuestions -->
