<?xml version="1.0" encoding="UTF-8"?>
<!-- Generated by org.testng.reporters.JUnitReportReporter -->
<testsuite hostname="KULANDASAMYC" name="RegOnly_Show.J_ConfigureTracks" tests="4" failures="0" timestamp="20 Sep 2019 06:23:26 GMT" time="25.226" errors="0">
  <testcase name="B_Add_Tracks" time="5.052" classname="RegOnly_Show.J_ConfigureTracks"/>
  <testcase name="B_Add_Tracks" time="4.004" classname="RegOnly_Show.J_ConfigureTracks"/>
  <testcase name="B_Add_Tracks" time="4.309" classname="RegOnly_Show.J_ConfigureTracks"/>
  <testcase name="A_LoginAndFocus" time="11.861" classname="RegOnly_Show.J_ConfigureTracks"/>
</testsuite> <!-- RegOnly_Show.J_ConfigureTracks -->
