<?xml version="1.0" encoding="UTF-8"?>
<!-- Generated by org.testng.reporters.JUnitReportReporter -->
<testsuite hostname="KULANDASAMYC" name="RegOnly_Show.H_ConfigureSpeakers" tests="17" failures="0" timestamp="20 Mar 2019 05:51:33 GMT" time="128.453" errors="0">
  <testcase name="B_AddSpeakers" time="7.285" classname="RegOnly_Show.H_ConfigureSpeakers"/>
  <testcase name="B_AddSpeakers" time="6.066" classname="RegOnly_Show.H_ConfigureSpeakers"/>
  <testcase name="B_AddSpeakers" time="7.216" classname="RegOnly_Show.H_ConfigureSpeakers"/>
  <testcase name="B_AddSpeakers" time="7.650" classname="RegOnly_Show.H_ConfigureSpeakers"/>
  <testcase name="B_AddSpeakers" time="6.134" classname="RegOnly_Show.H_ConfigureSpeakers"/>
  <testcase name="B_AddSpeakers" time="7.768" classname="RegOnly_Show.H_ConfigureSpeakers"/>
  <testcase name="B_AddSpeakers" time="10.641" classname="RegOnly_Show.H_ConfigureSpeakers"/>
  <testcase name="B_AddSpeakers" time="6.112" classname="RegOnly_Show.H_ConfigureSpeakers"/>
  <testcase name="B_AddSpeakers" time="6.750" classname="RegOnly_Show.H_ConfigureSpeakers"/>
  <testcase name="B_AddSpeakers" time="6.500" classname="RegOnly_Show.H_ConfigureSpeakers"/>
  <testcase name="B_AddSpeakers" time="6.948" classname="RegOnly_Show.H_ConfigureSpeakers"/>
  <testcase name="B_AddSpeakers" time="6.177" classname="RegOnly_Show.H_ConfigureSpeakers"/>
  <testcase name="A_LoginAndFocusShow" time="17.239" classname="RegOnly_Show.H_ConfigureSpeakers"/>
  <testcase name="B_AddSpeakers" time="6.349" classname="RegOnly_Show.H_ConfigureSpeakers"/>
  <testcase name="B_AddSpeakers" time="7.117" classname="RegOnly_Show.H_ConfigureSpeakers"/>
  <testcase name="B_AddSpeakers" time="6.617" classname="RegOnly_Show.H_ConfigureSpeakers"/>
  <testcase name="B_AddSpeakers" time="5.884" classname="RegOnly_Show.H_ConfigureSpeakers"/>
</testsuite> <!-- RegOnly_Show.H_ConfigureSpeakers -->
