<?xml version="1.0" encoding="UTF-8"?>
<!-- Generated by org.testng.reporters.JUnitReportReporter -->
<testsuite name="showbuild.suiteB.HTML_Production_Config" tests="4" time="19.549" ignored="0" failures="0" timestamp="31 Mar 2017 11:08:13 GMT" skipped="0" hostname="MISHRAM" errors="0">
  <testcase name="ConfigureInviteFriend" time="2.677" classname="showbuild.suiteB.HTML_Production_Config"/>
  <testcase name="ConfigureAttendeeConfirmation" time="3.532" classname="showbuild.suiteB.HTML_Production_Config"/>
  <testcase name="ConfigureExhibitorConfirmation" time="3.075" classname="showbuild.suiteB.HTML_Production_Config"/>
  <testcase name="HTMLProdConfig" time="10.265" classname="showbuild.suiteB.HTML_Production_Config"/>
</testsuite> <!-- showbuild.suiteB.HTML_Production_Config -->
