<?xml version="1.0" encoding="UTF-8"?>
<!-- Generated by org.testng.reporters.JUnitReportReporter -->
<testsuite hostname="KULANDASAMYC" name="Setup_Housing.SetupInventory" tests="2" failures="0" timestamp="19 Jun 2018 06:29:33 GMT" time="63.401" errors="0">
  <testcase name="B_inventory_Setup" time="41.997" classname="Setup_Housing.SetupInventory"/>
  <testcase name="A_LoginAndFocusShow" time="21.404" classname="Setup_Housing.SetupInventory"/>
</testsuite> <!-- Setup_Housing.SetupInventory -->
