<?xml version="1.0" encoding="UTF-8"?>
<!-- Generated by org.testng.reporters.JUnitReportReporter -->
<testsuite hostname="KULANDASAMYC" name="Configure_Show.F_ConfigureFieldConfig" tests="2" failures="0" timestamp="4 Jul 2018 10:04:59 GMT" time="32.216" errors="0">
  <testcase name="A_FieldConfig" time="23.220" classname="Configure_Show.F_ConfigureFieldConfig"/>
  <testcase name="B_Config_LeadConfig" time="8.996" classname="Configure_Show.F_ConfigureFieldConfig"/>
</testsuite> <!-- Configure_Show.F_ConfigureFieldConfig -->
