<?xml version="1.0" encoding="UTF-8"?>
<!-- Generated by org.testng.reporters.JUnitReportReporter -->
<testsuite hostname="KULANDASAMYC" name="RegOnly_Show.C_ConfigureRegtypeExt" tests="2" failures="0" timestamp="12 Sep 2018 06:02:17 GMT" time="24.120" errors="0">
  <testcase name="A_RegtypeExt" time="14.310" classname="RegOnly_Show.C_ConfigureRegtypeExt"/>
  <testcase name="B_Config_RegType" time="9.810" classname="RegOnly_Show.C_ConfigureRegtypeExt"/>
</testsuite> <!-- RegOnly_Show.C_ConfigureRegtypeExt -->
