<?xml version="1.0" encoding="UTF-8"?>
<!-- Generated by org.testng.reporters.JUnitReportReporter -->
<testsuite hostname="KULANDASAMYC" name="HousingOnly_Show.E_SetupInventory" tests="2" failures="0" timestamp="9 Jul 2019 07:26:45 GMT" time="0.002" errors="2">
  <testcase name="B_inventory_Setup" time="0.001" classname="HousingOnly_Show.E_SetupInventory"/>
  <testcase name="A_LoginAndFocusShow" time="0.001" classname="HousingOnly_Show.E_SetupInventory"/>
</testsuite> <!-- HousingOnly_Show.E_SetupInventory -->
