<?xml version="1.0" encoding="UTF-8"?>
<!-- Generated by org.testng.reporters.JUnitReportReporter -->
<testsuite hostname="KULANDASAMYC" name="RegOnly_Show_1.H_ConfigureSpeakers" tests="17" failures="0" timestamp="24 Oct 2019 14:14:18 GMT" time="138.688" errors="0">
  <testcase name="B_AddSpeakers" time="7.151" classname="RegOnly_Show_1.H_ConfigureSpeakers"/>
  <testcase name="B_AddSpeakers" time="7.787" classname="RegOnly_Show_1.H_ConfigureSpeakers"/>
  <testcase name="B_AddSpeakers" time="7.244" classname="RegOnly_Show_1.H_ConfigureSpeakers"/>
  <testcase name="B_AddSpeakers" time="7.854" classname="RegOnly_Show_1.H_ConfigureSpeakers"/>
  <testcase name="B_AddSpeakers" time="8.188" classname="RegOnly_Show_1.H_ConfigureSpeakers"/>
  <testcase name="B_AddSpeakers" time="7.802" classname="RegOnly_Show_1.H_ConfigureSpeakers"/>
  <testcase name="B_AddSpeakers" time="8.271" classname="RegOnly_Show_1.H_ConfigureSpeakers"/>
  <testcase name="B_AddSpeakers" time="7.812" classname="RegOnly_Show_1.H_ConfigureSpeakers"/>
  <testcase name="B_AddSpeakers" time="8.563" classname="RegOnly_Show_1.H_ConfigureSpeakers"/>
  <testcase name="B_AddSpeakers" time="8.041" classname="RegOnly_Show_1.H_ConfigureSpeakers"/>
  <testcase name="B_AddSpeakers" time="7.347" classname="RegOnly_Show_1.H_ConfigureSpeakers"/>
  <testcase name="B_AddSpeakers" time="7.251" classname="RegOnly_Show_1.H_ConfigureSpeakers"/>
  <testcase name="A_LoginAndFocusShow" time="14.869" classname="RegOnly_Show_1.H_ConfigureSpeakers"/>
  <testcase name="B_AddSpeakers" time="7.835" classname="RegOnly_Show_1.H_ConfigureSpeakers"/>
  <testcase name="B_AddSpeakers" time="7.575" classname="RegOnly_Show_1.H_ConfigureSpeakers"/>
  <testcase name="B_AddSpeakers" time="7.392" classname="RegOnly_Show_1.H_ConfigureSpeakers"/>
  <testcase name="B_AddSpeakers" time="7.706" classname="RegOnly_Show_1.H_ConfigureSpeakers"/>
</testsuite> <!-- RegOnly_Show_1.H_ConfigureSpeakers -->
