<?xml version="1.0" encoding="UTF-8"?>
<!-- Generated by org.testng.reporters.JUnitReportReporter -->
<testsuite hostname="KULANDASAMYC" name="HousingOnly_Config.B_AddEventFacilities" tests="4" failures="0" timestamp="6 Aug 2018 13:21:20 GMT" time="0.016" errors="4">
  <testcase name="D_AddEventFacilitiesToProd" time="0.000" classname="HousingOnly_Config.B_AddEventFacilities"/>
  <testcase name="B_Add_Event_Facilities" time="0.000" classname="HousingOnly_Config.B_AddEventFacilities"/>
  <testcase name="C_LoginToProdAndFocusShow" time="0.000" classname="HousingOnly_Config.B_AddEventFacilities"/>
  <testcase name="A_LoginAndFocusShow" time="0.016" classname="HousingOnly_Config.B_AddEventFacilities"/>
</testsuite> <!-- HousingOnly_Config.B_AddEventFacilities -->
