<?xml version="1.0" encoding="UTF-8"?>
<!-- Generated by org.testng.reporters.JUnitReportReporter -->
<testsuite hostname="KULANDASAMYC" name="PushToProd.B_ConfigureExhibitors" tests="4" failures="0" timestamp="12 Sep 2018 07:16:20 GMT" time="64.819" errors="0">
  <testcase name="D_Add_Exhibitor" time="16.125" classname="PushToProd.B_ConfigureExhibitors"/>
  <testcase name="C_LoginAndFocus" time="6.889" classname="PushToProd.B_ConfigureExhibitors"/>
  <testcase name="A_LoginAndFocus" time="22.235" classname="PushToProd.B_ConfigureExhibitors"/>
  <testcase name="B_Add_Exhibitor" time="19.570" classname="PushToProd.B_ConfigureExhibitors"/>
</testsuite> <!-- PushToProd.B_ConfigureExhibitors -->
