<?xml version="1.0" encoding="UTF-8"?>
<!-- Generated by org.testng.reporters.JUnitReportReporter -->
<testsuite hostname="KULANDASAMYC" name="RegOnly_Show_1.B_ConfigureStatuses" tests="24" failures="0" timestamp="28 Mar 2019 03:57:36 GMT" time="85.660" errors="0">
  <testcase name="E_ConfigureMembershipStatuses" time="2.013" classname="RegOnly_Show_1.B_ConfigureStatuses"/>
  <testcase name="F_MembershipStatus" time="2.177" classname="RegOnly_Show_1.B_ConfigureStatuses"/>
  <testcase name="H_RegistrationStatus" time="2.897" classname="RegOnly_Show_1.B_ConfigureStatuses"/>
  <testcase name="A_LoginAndFocusShow" time="30.519" classname="RegOnly_Show_1.B_ConfigureStatuses"/>
  <testcase name="D_DateStatus" time="2.454" classname="RegOnly_Show_1.B_ConfigureStatuses"/>
  <testcase name="D_DateStatus" time="2.716" classname="RegOnly_Show_1.B_ConfigureStatuses"/>
  <testcase name="D_DateStatus" time="2.603" classname="RegOnly_Show_1.B_ConfigureStatuses"/>
  <testcase name="H_RegistrationStatus" time="2.305" classname="RegOnly_Show_1.B_ConfigureStatuses"/>
  <testcase name="C_ConfigureDateStatuses" time="3.783" classname="RegOnly_Show_1.B_ConfigureStatuses"/>
  <testcase name="I_TearDown" time="0.485" classname="RegOnly_Show_1.B_ConfigureStatuses"/>
  <testcase name="F_MembershipStatus" time="2.318" classname="RegOnly_Show_1.B_ConfigureStatuses"/>
  <testcase name="D_DateStatus" time="2.731" classname="RegOnly_Show_1.B_ConfigureStatuses"/>
  <testcase name="D_DateStatus" time="2.664" classname="RegOnly_Show_1.B_ConfigureStatuses"/>
  <testcase name="B_Status" time="0.692" classname="RegOnly_Show_1.B_ConfigureStatuses"/>
  <testcase name="G_ConfigureRegistrationStatuses" time="2.007" classname="RegOnly_Show_1.B_ConfigureStatuses"/>
  <testcase name="D_DateStatus" time="2.978" classname="RegOnly_Show_1.B_ConfigureStatuses"/>
  <testcase name="D_DateStatus" time="2.701" classname="RegOnly_Show_1.B_ConfigureStatuses"/>
  <testcase name="H_RegistrationStatus" time="2.158" classname="RegOnly_Show_1.B_ConfigureStatuses"/>
  <testcase name="D_DateStatus" time="2.779" classname="RegOnly_Show_1.B_ConfigureStatuses"/>
  <testcase name="D_DateStatus" time="2.574" classname="RegOnly_Show_1.B_ConfigureStatuses"/>
  <testcase name="D_DateStatus" time="2.660" classname="RegOnly_Show_1.B_ConfigureStatuses"/>
  <testcase name="D_DateStatus" time="2.549" classname="RegOnly_Show_1.B_ConfigureStatuses"/>
  <testcase name="H_RegistrationStatus" time="2.271" classname="RegOnly_Show_1.B_ConfigureStatuses"/>
  <testcase name="D_DateStatus" time="2.626" classname="RegOnly_Show_1.B_ConfigureStatuses"/>
</testsuite> <!-- RegOnly_Show_1.B_ConfigureStatuses -->
