<?xml version="1.0" encoding="UTF-8"?>
<!-- Generated by org.testng.reporters.JUnitReportReporter -->
<testsuite hostname="KULANDASAMYC" name="RegOnly_Show_1.F_ConfigureFieldConfig" tests="2" failures="0" timestamp="24 Oct 2019 14:07:17 GMT" time="22.566" errors="0">
  <testcase name="B_Config_LeadConfig" time="9.074" classname="RegOnly_Show_1.F_ConfigureFieldConfig"/>
  <testcase name="A_FieldConfig" time="13.492" classname="RegOnly_Show_1.F_ConfigureFieldConfig"/>
</testsuite> <!-- RegOnly_Show_1.F_ConfigureFieldConfig -->
