<?xml version="1.0" encoding="UTF-8"?>
<!-- Generated by org.testng.reporters.JUnitReportReporter -->
<testsuite hostname="KULANDASAMYC" name="RegOnly_Show.F_ConfigureFieldConfig" tests="2" failures="0" timestamp="20 Sep 2019 05:58:18 GMT" time="21.081" errors="0">
  <testcase name="B_Config_LeadConfig" time="9.467" classname="RegOnly_Show.F_ConfigureFieldConfig"/>
  <testcase name="A_FieldConfig" time="11.614" classname="RegOnly_Show.F_ConfigureFieldConfig"/>
</testsuite> <!-- RegOnly_Show.F_ConfigureFieldConfig -->
