<?xml version="1.0" encoding="UTF-8"?>
<!-- Generated by org.testng.reporters.JUnitReportReporter -->
<testsuite hostname="KULANDASAMYC" name="Setup_Housing_2.B_AddHotelSetup" tests="3" failures="0" timestamp="24 Oct 2019 14:44:35 GMT" time="195.842" errors="0">
  <testcase name="A_LoginAndFocusShow" time="12.924" classname="Setup_Housing_2.B_AddHotelSetup"/>
  <testcase name="B_AddConfigureHotel" time="92.141" classname="Setup_Housing_2.B_AddHotelSetup"/>
  <testcase name="B_AddConfigureHotel" time="90.777" classname="Setup_Housing_2.B_AddHotelSetup"/>
</testsuite> <!-- Setup_Housing_2.B_AddHotelSetup -->
