<?xml version="1.0" encoding="UTF-8"?>
<!-- Generated by org.testng.reporters.JUnitReportReporter -->
<testsuite name="com.qtpselenium.suiteA.TestCase_Create_ShowCode" tests="2" time="6.083" ignored="0" failures="0" timestamp="20 Feb 2017 11:33:33 GMT" skipped="1" hostname="MISHRAM" errors="0">
  <testcase name="testcase_CreateShow" time="0.003" classname="com.qtpselenium.suiteA.TestCase_Create_ShowCode">
    <skipped/>
  </testcase> <!-- testcase_CreateShow -->
  <testcase name="testcase_CreateShow" time="6.080" classname="com.qtpselenium.suiteA.TestCase_Create_ShowCode"/>
</testsuite> <!-- com.qtpselenium.suiteA.TestCase_Create_ShowCode -->
