<?xml version="1.0" encoding="UTF-8"?>
<!-- Generated by org.testng.reporters.JUnitReportReporter -->
<testsuite hostname="KULANDASAMYC" name="Setup_Housing.C_SetupInventory" tests="2" failures="0" timestamp="14 Feb 2019 07:05:05 GMT" time="59.118" errors="0">
  <testcase name="A_LoginAndFocusShow" time="14.477" classname="Setup_Housing.C_SetupInventory"/>
  <testcase name="B_inventory_Setup" time="44.641" classname="Setup_Housing.C_SetupInventory"/>
</testsuite> <!-- Setup_Housing.C_SetupInventory -->
