<?xml version="1.0" encoding="UTF-8"?>
<!-- Generated by org.testng.reporters.JUnitReportReporter -->
<testsuite hostname="KULANDASAMYC" name="RegOnly_Show_1.G_HTML_Production_Config" tests="3" failures="0" timestamp="24 Oct 2019 14:10:58 GMT" time="25.318" errors="0">
  <testcase name="B_ConfigureAttendeeConfirmation" time="3.464" classname="RegOnly_Show_1.G_HTML_Production_Config"/>
  <testcase name="C_ConfigureExhibitorConfirmation" time="4.355" classname="RegOnly_Show_1.G_HTML_Production_Config"/>
  <testcase name="A_HTMLProdConfig" time="17.499" classname="RegOnly_Show_1.G_HTML_Production_Config"/>
</testsuite> <!-- RegOnly_Show_1.G_HTML_Production_Config -->
