<?xml version="1.0" encoding="UTF-8"?>
<!-- Generated by org.testng.reporters.JUnitReportReporter -->
<testsuite hostname="KULANDASAMYC" name="RegOnly_Show.G_HTML_Production_Config" tests="4" failures="0" timestamp="12 Sep 2018 06:11:22 GMT" time="32.930" errors="0">
  <testcase name="B_ConfigureAttendeeConfirmation" time="3.906" classname="RegOnly_Show.G_HTML_Production_Config"/>
  <testcase name="A_HTMLProdConfig" time="24.846" classname="RegOnly_Show.G_HTML_Production_Config"/>
  <testcase name="D_ConfigureInviteFriend" time="1.852" classname="RegOnly_Show.G_HTML_Production_Config"/>
  <testcase name="C_ConfigureExhibitorConfirmation" time="2.326" classname="RegOnly_Show.G_HTML_Production_Config"/>
</testsuite> <!-- RegOnly_Show.G_HTML_Production_Config -->
