<?xml version="1.0" encoding="UTF-8"?>
<!-- Generated by org.testng.reporters.JUnitReportReporter -->
<testsuite name="showbuild.suiteB.ConfigureStatuses" tests="14" time="40.585" ignored="0" failures="0" timestamp="15 Mar 2017 14:34:48 GMT" skipped="0" hostname="MISHRAM" errors="0">
  <testcase name="RegistrationStatus" time="2.764" classname="showbuild.suiteB.ConfigureStatuses"/>
  <testcase name="RegistrationStatus" time="2.830" classname="showbuild.suiteB.ConfigureStatuses"/>
  <testcase name="ConfigureRegistrationStatuses" time="0.765" classname="showbuild.suiteB.ConfigureStatuses"/>
  <testcase name="RegistrationStatus" time="2.539" classname="showbuild.suiteB.ConfigureStatuses"/>
  <testcase name="DateStatus" time="4.633" classname="showbuild.suiteB.ConfigureStatuses"/>
  <testcase name="MembershipStatus" time="3.155" classname="showbuild.suiteB.ConfigureStatuses"/>
  <testcase name="DateStatus" time="5.012" classname="showbuild.suiteB.ConfigureStatuses"/>
  <testcase name="ConfigureMembershipStatuses" time="1.190" classname="showbuild.suiteB.ConfigureStatuses"/>
  <testcase name="RegistrationStatus" time="2.742" classname="showbuild.suiteB.ConfigureStatuses"/>
  <testcase name="Status" time="5.251" classname="showbuild.suiteB.ConfigureStatuses"/>
  <testcase name="TearDown" time="0.771" classname="showbuild.suiteB.ConfigureStatuses"/>
  <testcase name="DateStatus" time="4.855" classname="showbuild.suiteB.ConfigureStatuses"/>
  <testcase name="MembershipStatus" time="3.854" classname="showbuild.suiteB.ConfigureStatuses"/>
  <testcase name="ConfigureDateStatuses" time="0.224" classname="showbuild.suiteB.ConfigureStatuses"/>
</testsuite> <!-- showbuild.suiteB.ConfigureStatuses -->
