<?xml version="1.0" encoding="UTF-8"?>
<!-- Generated by org.testng.reporters.JUnitReportReporter -->
<testsuite hostname="KULANDASAMYC" name="Configure_Show.ConfigureSchedules" tests="16" failures="0" timestamp="3 May 2018 05:30:03 GMT" time="67.057" errors="0">
  <testcase name="B_Schedules" time="3.710" classname="Configure_Show.ConfigureSchedules"/>
  <testcase name="G_AddSchedulesStage" time="3.202" classname="Configure_Show.ConfigureSchedules"/>
  <testcase name="A_Schedules_LoginAndFocusProd" time="17.898" classname="Configure_Show.ConfigureSchedules"/>
  <testcase name="C_AddSchedules" time="3.230" classname="Configure_Show.ConfigureSchedules"/>
  <testcase name="C_AddSchedules" time="3.111" classname="Configure_Show.ConfigureSchedules"/>
  <testcase name="C_AddSchedules" time="3.030" classname="Configure_Show.ConfigureSchedules"/>
  <testcase name="H_AddOnsiteRegistrationStage" time="2.965" classname="Configure_Show.ConfigureSchedules"/>
  <testcase name="E_LoginAndFocusStage" time="3.387" classname="Configure_Show.ConfigureSchedules"/>
  <testcase name="G_AddSchedulesStage" time="3.109" classname="Configure_Show.ConfigureSchedules"/>
  <testcase name="G_AddSchedulesStage" time="3.018" classname="Configure_Show.ConfigureSchedules"/>
  <testcase name="D_AddOnsiteRegistration" time="4.213" classname="Configure_Show.ConfigureSchedules"/>
  <testcase name="C_AddSchedules" time="2.926" classname="Configure_Show.ConfigureSchedules"/>
  <testcase name="G_AddSchedulesStage" time="2.942" classname="Configure_Show.ConfigureSchedules"/>
  <testcase name="C_AddSchedules" time="3.481" classname="Configure_Show.ConfigureSchedules"/>
  <testcase name="F_SchedulesStage" time="3.126" classname="Configure_Show.ConfigureSchedules"/>
  <testcase name="G_AddSchedulesStage" time="3.709" classname="Configure_Show.ConfigureSchedules"/>
</testsuite> <!-- Configure_Show.ConfigureSchedules -->
