<?xml version="1.0" encoding="UTF-8"?>
<!-- Generated by org.testng.reporters.JUnitReportReporter -->
<testsuite hostname="KULANDASAMYC" name="RegOnly_Show.A_ConfigureSchedules" tests="16" failures="0" timestamp="12 Sep 2018 06:00:19 GMT" time="69.690" errors="0">
  <testcase name="C_AddSchedules" time="2.632" classname="RegOnly_Show.A_ConfigureSchedules"/>
  <testcase name="B_Schedules" time="5.268" classname="RegOnly_Show.A_ConfigureSchedules"/>
  <testcase name="C_AddSchedules" time="2.980" classname="RegOnly_Show.A_ConfigureSchedules"/>
  <testcase name="G_AddSchedulesStage" time="3.324" classname="RegOnly_Show.A_ConfigureSchedules"/>
  <testcase name="C_AddSchedules" time="2.675" classname="RegOnly_Show.A_ConfigureSchedules"/>
  <testcase name="G_AddSchedulesStage" time="4.125" classname="RegOnly_Show.A_ConfigureSchedules"/>
  <testcase name="C_AddSchedules" time="3.136" classname="RegOnly_Show.A_ConfigureSchedules"/>
  <testcase name="D_AddOnsiteRegistration" time="2.968" classname="RegOnly_Show.A_ConfigureSchedules"/>
  <testcase name="F_SchedulesStage" time="1.152" classname="RegOnly_Show.A_ConfigureSchedules"/>
  <testcase name="G_AddSchedulesStage" time="3.358" classname="RegOnly_Show.A_ConfigureSchedules"/>
  <testcase name="G_AddSchedulesStage" time="3.220" classname="RegOnly_Show.A_ConfigureSchedules"/>
  <testcase name="C_AddSchedules" time="4.720" classname="RegOnly_Show.A_ConfigureSchedules"/>
  <testcase name="G_AddSchedulesStage" time="4.286" classname="RegOnly_Show.A_ConfigureSchedules"/>
  <testcase name="H_AddOnsiteRegistrationStage" time="3.189" classname="RegOnly_Show.A_ConfigureSchedules"/>
  <testcase name="A_Schedules_LoginAndFocusProd" time="14.543" classname="RegOnly_Show.A_ConfigureSchedules"/>
  <testcase name="E_LoginAndFocusStage" time="8.114" classname="RegOnly_Show.A_ConfigureSchedules"/>
</testsuite> <!-- RegOnly_Show.A_ConfigureSchedules -->
