<?xml version="1.0" encoding="UTF-8"?>
<!-- Generated by org.testng.reporters.JUnitReportReporter -->
<testsuite hostname="KULANDASAMYC" name="RegOnly_Show.K_ConfigurePackages" tests="2" failures="0" timestamp="11 Jan 2019 15:51:44 GMT" time="55.772" errors="0">
  <testcase name="A_LoginAndFocus" time="22.974" classname="RegOnly_Show.K_ConfigurePackages"/>
  <testcase name="B_Add_Packages" time="32.798" classname="RegOnly_Show.K_ConfigurePackages"/>
</testsuite> <!-- RegOnly_Show.K_ConfigurePackages -->
