<?xml version="1.0" encoding="UTF-8"?>
<!-- Generated by org.testng.reporters.JUnitReportReporter -->
<testsuite hostname="KULANDASAMYC" name="Setup_Housing.C_SetupInventory" tests="2" failures="0" timestamp="30 Aug 2018 06:33:35 GMT" time="56.385" errors="0">
  <testcase name="B_inventory_Setup" time="37.570" classname="Setup_Housing.C_SetupInventory"/>
  <testcase name="A_LoginAndFocusShow" time="18.815" classname="Setup_Housing.C_SetupInventory"/>
</testsuite> <!-- Setup_Housing.C_SetupInventory -->
