<?xml version="1.0" encoding="UTF-8"?>
<!-- Generated by org.testng.reporters.JUnitReportReporter -->
<testsuite hostname="KULANDASAMYC" name="RegOnly_Show.K_ConfigurePackages" tests="2" failures="0" timestamp="20 Mar 2019 06:03:54 GMT" time="54.069" errors="0">
  <testcase name="B_Add_Packages" time="24.659" classname="RegOnly_Show.K_ConfigurePackages"/>
  <testcase name="A_LoginAndFocus" time="29.410" classname="RegOnly_Show.K_ConfigurePackages"/>
</testsuite> <!-- RegOnly_Show.K_ConfigurePackages -->
