<?xml version="1.0" encoding="UTF-8"?>
<!-- Generated by org.testng.reporters.JUnitReportReporter -->
<testsuite hostname="KULANDASAMYC" name="RegOnly_Show.A_ConfigureSchedules" tests="16" failures="0" timestamp="20 Mar 2019 05:34:06 GMT" time="101.310" errors="0">
  <testcase name="A_Schedules_LoginAndFocusProd" time="14.414" classname="RegOnly_Show.A_ConfigureSchedules"/>
  <testcase name="G_AddSchedulesStage" time="6.442" classname="RegOnly_Show.A_ConfigureSchedules"/>
  <testcase name="H_AddOnsiteRegistrationStage" time="3.129" classname="RegOnly_Show.A_ConfigureSchedules"/>
  <testcase name="F_SchedulesStage" time="2.153" classname="RegOnly_Show.A_ConfigureSchedules"/>
  <testcase name="C_AddSchedules" time="9.263" classname="RegOnly_Show.A_ConfigureSchedules"/>
  <testcase name="G_AddSchedulesStage" time="4.926" classname="RegOnly_Show.A_ConfigureSchedules"/>
  <testcase name="C_AddSchedules" time="5.637" classname="RegOnly_Show.A_ConfigureSchedules"/>
  <testcase name="G_AddSchedulesStage" time="4.864" classname="RegOnly_Show.A_ConfigureSchedules"/>
  <testcase name="G_AddSchedulesStage" time="5.418" classname="RegOnly_Show.A_ConfigureSchedules"/>
  <testcase name="C_AddSchedules" time="5.259" classname="RegOnly_Show.A_ConfigureSchedules"/>
  <testcase name="E_LoginAndFocusStage" time="14.031" classname="RegOnly_Show.A_ConfigureSchedules"/>
  <testcase name="C_AddSchedules" time="5.014" classname="RegOnly_Show.A_ConfigureSchedules"/>
  <testcase name="C_AddSchedules" time="5.666" classname="RegOnly_Show.A_ConfigureSchedules"/>
  <testcase name="D_AddOnsiteRegistration" time="3.074" classname="RegOnly_Show.A_ConfigureSchedules"/>
  <testcase name="G_AddSchedulesStage" time="8.375" classname="RegOnly_Show.A_ConfigureSchedules"/>
  <testcase name="B_Schedules" time="3.645" classname="RegOnly_Show.A_ConfigureSchedules"/>
</testsuite> <!-- RegOnly_Show.A_ConfigureSchedules -->
