<?xml version="1.0" encoding="UTF-8"?>
<!-- Generated by org.testng.reporters.JUnitReportReporter -->
<testsuite hostname="KULANDASAMYC" name="RegOnly_Show_1.K_ConfigurePackages" tests="2" failures="0" timestamp="28 Mar 2019 04:41:08 GMT" time="48.615" errors="0">
  <testcase name="B_Add_Packages" time="22.831" classname="RegOnly_Show_1.K_ConfigurePackages"/>
  <testcase name="A_LoginAndFocus" time="25.784" classname="RegOnly_Show_1.K_ConfigurePackages"/>
</testsuite> <!-- RegOnly_Show_1.K_ConfigurePackages -->
