<?xml version="1.0" encoding="UTF-8"?>
<!-- Generated by org.testng.reporters.JUnitReportReporter -->
<testsuite hostname="KULANDASAMYC" name="RegOnly_Show_1.F_ConfigureFieldConfig" tests="2" failures="0" timestamp="10 May 2019 14:13:43 GMT" time="27.673" errors="0">
  <testcase name="A_FieldConfig" time="18.295" classname="RegOnly_Show_1.F_ConfigureFieldConfig"/>
  <testcase name="B_Config_LeadConfig" time="9.378" classname="RegOnly_Show_1.F_ConfigureFieldConfig"/>
</testsuite> <!-- RegOnly_Show_1.F_ConfigureFieldConfig -->
