<?xml version="1.0" encoding="UTF-8"?>
<!-- Generated by org.testng.reporters.JUnitReportReporter -->
<testsuite hostname="KULANDASAMYC" name="RegOnly_Show.E_DemographicAnswers" tests="2" failures="0" timestamp="11 Jan 2019 15:13:15 GMT" time="85.795" errors="0">
  <testcase name="B_Config_DemographicsAnswers" time="59.828" classname="RegOnly_Show.E_DemographicAnswers"/>
  <testcase name="A_Demographics" time="25.967" classname="RegOnly_Show.E_DemographicAnswers"/>
</testsuite> <!-- RegOnly_Show.E_DemographicAnswers -->
