<?xml version="1.0" encoding="UTF-8"?>
<!-- Generated by org.testng.reporters.JUnitReportReporter -->
<testsuite hostname="KULANDASAMYC" name="Configure_Show.ConfigureFieldConfig" tests="2" failures="0" timestamp="18 Jun 2018 13:24:59 GMT" time="75.419" errors="0">
  <testcase name="A_FieldConfig" time="63.035" classname="Configure_Show.ConfigureFieldConfig"/>
  <testcase name="B_Config_LeadConfig" time="12.384" classname="Configure_Show.ConfigureFieldConfig"/>
</testsuite> <!-- Configure_Show.ConfigureFieldConfig -->
