<?xml version="1.0" encoding="UTF-8"?>
<!-- Generated by org.testng.reporters.JUnitReportReporter -->
<testsuite name="showbuild.suiteB.ConfigureExhibitors" tests="2" time="27.259" ignored="0" failures="0" timestamp="25 May 2017 10:04:58 GMT" skipped="0" hostname="MISHRAM" errors="0">
  <testcase name="LoginAndFocus" time="10.007" classname="showbuild.suiteB.ConfigureExhibitors"/>
  <testcase name="Add_Exhibitor" time="17.252" classname="showbuild.suiteB.ConfigureExhibitors"/>
</testsuite> <!-- showbuild.suiteB.ConfigureExhibitors -->
