<?xml version="1.0" encoding="UTF-8"?>
<!-- Generated by org.testng.reporters.JUnitReportReporter -->
<testsuite hostname="KULANDASAMYC" name="RegOnly_Show_1.J_ConfigureTracks" tests="4" failures="0" timestamp="24 Oct 2019 14:36:48 GMT" time="29.252" errors="0">
  <testcase name="A_LoginAndFocus" time="13.876" classname="RegOnly_Show_1.J_ConfigureTracks"/>
  <testcase name="B_Add_Tracks" time="5.159" classname="RegOnly_Show_1.J_ConfigureTracks"/>
  <testcase name="B_Add_Tracks" time="4.275" classname="RegOnly_Show_1.J_ConfigureTracks"/>
  <testcase name="B_Add_Tracks" time="5.942" classname="RegOnly_Show_1.J_ConfigureTracks"/>
</testsuite> <!-- RegOnly_Show_1.J_ConfigureTracks -->
