<?xml version="1.0" encoding="UTF-8"?>
<!-- Generated by org.testng.reporters.JUnitReportReporter -->
<testsuite hostname="KULANDASAMYC" name="RegOnly_Show.H_ConfigureSpeakers" tests="17" failures="0" timestamp="18 Jan 2019 10:48:03 GMT" time="137.440" errors="0">
  <testcase name="B_AddSpeakers" time="6.396" classname="RegOnly_Show.H_ConfigureSpeakers"/>
  <testcase name="A_LoginAndFocusShow" time="28.162" classname="RegOnly_Show.H_ConfigureSpeakers"/>
  <testcase name="B_AddSpeakers" time="7.160" classname="RegOnly_Show.H_ConfigureSpeakers"/>
  <testcase name="B_AddSpeakers" time="6.651" classname="RegOnly_Show.H_ConfigureSpeakers"/>
  <testcase name="B_AddSpeakers" time="7.042" classname="RegOnly_Show.H_ConfigureSpeakers"/>
  <testcase name="B_AddSpeakers" time="6.733" classname="RegOnly_Show.H_ConfigureSpeakers"/>
  <testcase name="B_AddSpeakers" time="6.851" classname="RegOnly_Show.H_ConfigureSpeakers"/>
  <testcase name="B_AddSpeakers" time="6.633" classname="RegOnly_Show.H_ConfigureSpeakers"/>
  <testcase name="B_AddSpeakers" time="7.118" classname="RegOnly_Show.H_ConfigureSpeakers"/>
  <testcase name="B_AddSpeakers" time="6.722" classname="RegOnly_Show.H_ConfigureSpeakers"/>
  <testcase name="B_AddSpeakers" time="7.154" classname="RegOnly_Show.H_ConfigureSpeakers"/>
  <testcase name="B_AddSpeakers" time="6.450" classname="RegOnly_Show.H_ConfigureSpeakers"/>
  <testcase name="B_AddSpeakers" time="6.651" classname="RegOnly_Show.H_ConfigureSpeakers"/>
  <testcase name="B_AddSpeakers" time="6.482" classname="RegOnly_Show.H_ConfigureSpeakers"/>
  <testcase name="B_AddSpeakers" time="7.174" classname="RegOnly_Show.H_ConfigureSpeakers"/>
  <testcase name="B_AddSpeakers" time="6.947" classname="RegOnly_Show.H_ConfigureSpeakers"/>
  <testcase name="B_AddSpeakers" time="7.114" classname="RegOnly_Show.H_ConfigureSpeakers"/>
</testsuite> <!-- RegOnly_Show.H_ConfigureSpeakers -->
