<?xml version="1.0" encoding="UTF-8"?>
<!-- Generated by org.testng.reporters.JUnitReportReporter -->
<testsuite hostname="KULANDASAMYC" name="RegOnly_Show.F_ConfigureFieldConfig" tests="2" failures="0" timestamp="20 Mar 2019 05:47:53 GMT" time="32.358" errors="0">
  <testcase name="B_Config_LeadConfig" time="8.656" classname="RegOnly_Show.F_ConfigureFieldConfig"/>
  <testcase name="A_FieldConfig" time="23.702" classname="RegOnly_Show.F_ConfigureFieldConfig"/>
</testsuite> <!-- RegOnly_Show.F_ConfigureFieldConfig -->
