<?xml version="1.0" encoding="UTF-8"?>
<!-- Generated by org.testng.reporters.JUnitReportReporter -->
<testsuite hostname="KULANDASAMYC" name="Configure_Show.DemographicAnswers" tests="2" failures="0" timestamp="18 Jun 2018 13:24:59 GMT" time="117.072" errors="0">
  <testcase name="A_Demographics" time="62.188" classname="Configure_Show.DemographicAnswers"/>
  <testcase name="B_Config_DemographicsAnswers" time="54.884" classname="Configure_Show.DemographicAnswers"/>
</testsuite> <!-- Configure_Show.DemographicAnswers -->
