<?xml version="1.0" encoding="UTF-8"?>
<!-- Generated by org.testng.reporters.JUnitReportReporter -->
<testsuite name="showbuild.suiteB.ConfigureShowItems" tests="27" time="400.057" ignored="4" failures="0" timestamp="09 May 2017 11:08:25 GMT" skipped="0" hostname="MISHRAM" errors="0">
  <testcase name="AddShowItems" time="13.504" classname="showbuild.suiteB.ConfigureShowItems"/>
  <testcase name="LoginAndFocus" time="10.174" classname="showbuild.suiteB.ConfigureShowItems"/>
  <testcase name="AddShowItems" time="14.801" classname="showbuild.suiteB.ConfigureShowItems"/>
  <testcase name="AddShowItems" time="15.032" classname="showbuild.suiteB.ConfigureShowItems"/>
  <testcase name="AddShowItems" time="15.092" classname="showbuild.suiteB.ConfigureShowItems"/>
  <testcase name="AddShowItems" time="14.722" classname="showbuild.suiteB.ConfigureShowItems"/>
  <testcase name="AddShowItems" time="12.907" classname="showbuild.suiteB.ConfigureShowItems"/>
  <testcase name="AddShowItems" time="16.570" classname="showbuild.suiteB.ConfigureShowItems"/>
  <testcase name="AddShowItems" time="14.202" classname="showbuild.suiteB.ConfigureShowItems"/>
  <testcase name="AddShowItems" time="14.413" classname="showbuild.suiteB.ConfigureShowItems"/>
  <testcase name="AddShowItems" time="15.215" classname="showbuild.suiteB.ConfigureShowItems"/>
  <testcase name="AddShowItems" time="15.635" classname="showbuild.suiteB.ConfigureShowItems"/>
  <testcase name="AddShowItems" time="15.330" classname="showbuild.suiteB.ConfigureShowItems"/>
  <testcase name="AddShowItems" time="15.371" classname="showbuild.suiteB.ConfigureShowItems"/>
  <testcase name="AddShowItems" time="14.267" classname="showbuild.suiteB.ConfigureShowItems"/>
  <testcase name="AddShowItems" time="14.186" classname="showbuild.suiteB.ConfigureShowItems"/>
  <testcase name="AddShowItems" time="14.906" classname="showbuild.suiteB.ConfigureShowItems"/>
  <testcase name="AddShowItems" time="15.013" classname="showbuild.suiteB.ConfigureShowItems"/>
  <testcase name="AddShowItems" time="15.484" classname="showbuild.suiteB.ConfigureShowItems"/>
  <testcase name="AddShowItems" time="14.809" classname="showbuild.suiteB.ConfigureShowItems"/>
  <testcase name="AddShowItems" time="14.934" classname="showbuild.suiteB.ConfigureShowItems"/>
  <testcase name="AddShowItems" time="15.292" classname="showbuild.suiteB.ConfigureShowItems"/>
  <testcase name="AddShowItems" time="15.373" classname="showbuild.suiteB.ConfigureShowItems"/>
  <testcase name="AddShowItems" time="16.933" classname="showbuild.suiteB.ConfigureShowItems"/>
  <testcase name="AddShowItems" time="15.236" classname="showbuild.suiteB.ConfigureShowItems"/>
  <testcase name="AddShowItems" time="15.570" classname="showbuild.suiteB.ConfigureShowItems"/>
  <testcase name="AddShowItems" time="15.086" classname="showbuild.suiteB.ConfigureShowItems"/>
  <testcase name="ShowItemSUBTree" classname="showbuild.suiteB.ConfigureShowItems">
    <skipped/>
  </testcase> <!-- ShowItemSUBTree -->
  <testcase name="RegistrationFees" classname="showbuild.suiteB.ConfigureShowItems">
    <skipped/>
  </testcase> <!-- RegistrationFees -->
  <testcase name="CancellationFees" classname="showbuild.suiteB.ConfigureShowItems">
    <skipped/>
  </testcase> <!-- CancellationFees -->
  <testcase name="ShowItemTree" classname="showbuild.suiteB.ConfigureShowItems">
    <skipped/>
  </testcase> <!-- ShowItemTree -->
</testsuite> <!-- showbuild.suiteB.ConfigureShowItems -->
