<?xml version="1.0" encoding="UTF-8"?>
<!-- Generated by org.testng.reporters.JUnitReportReporter -->
<testsuite hostname="KULANDASAMYC" name="RegOnly_Show.J_ConfigureTracks" tests="4" failures="0" timestamp="11 Jan 2019 15:50:36 GMT" time="38.911" errors="0">
  <testcase name="A_LoginAndFocus" time="23.182" classname="RegOnly_Show.J_ConfigureTracks"/>
  <testcase name="B_Add_Tracks" time="4.698" classname="RegOnly_Show.J_ConfigureTracks"/>
  <testcase name="B_Add_Tracks" time="6.877" classname="RegOnly_Show.J_ConfigureTracks"/>
  <testcase name="B_Add_Tracks" time="4.154" classname="RegOnly_Show.J_ConfigureTracks"/>
</testsuite> <!-- RegOnly_Show.J_ConfigureTracks -->
