<?xml version="1.0" encoding="UTF-8"?>
<!-- Generated by org.testng.reporters.JUnitReportReporter -->
<testsuite hostname="KULANDASAMYC" name="Configure_Show.A_ConfigureSchedules" tests="16" failures="0" timestamp="6 Aug 2018 13:29:52 GMT" time="0.016" errors="16">
  <testcase name="C_AddSchedules" time="0.000" classname="Configure_Show.A_ConfigureSchedules"/>
  <testcase name="G_AddSchedulesStage" time="0.000" classname="Configure_Show.A_ConfigureSchedules"/>
  <testcase name="G_AddSchedulesStage" time="0.016" classname="Configure_Show.A_ConfigureSchedules"/>
  <testcase name="C_AddSchedules" time="0.000" classname="Configure_Show.A_ConfigureSchedules"/>
  <testcase name="G_AddSchedulesStage" time="0.000" classname="Configure_Show.A_ConfigureSchedules"/>
  <testcase name="B_Schedules" time="0.000" classname="Configure_Show.A_ConfigureSchedules"/>
  <testcase name="H_AddOnsiteRegistrationStage" time="0.000" classname="Configure_Show.A_ConfigureSchedules"/>
  <testcase name="G_AddSchedulesStage" time="0.000" classname="Configure_Show.A_ConfigureSchedules"/>
  <testcase name="G_AddSchedulesStage" time="0.000" classname="Configure_Show.A_ConfigureSchedules"/>
  <testcase name="C_AddSchedules" time="0.000" classname="Configure_Show.A_ConfigureSchedules"/>
  <testcase name="E_LoginAndFocusStage" time="0.000" classname="Configure_Show.A_ConfigureSchedules"/>
  <testcase name="F_SchedulesStage" time="0.000" classname="Configure_Show.A_ConfigureSchedules"/>
  <testcase name="C_AddSchedules" time="0.000" classname="Configure_Show.A_ConfigureSchedules"/>
  <testcase name="C_AddSchedules" time="0.000" classname="Configure_Show.A_ConfigureSchedules"/>
  <testcase name="A_Schedules_LoginAndFocusProd" time="0.000" classname="Configure_Show.A_ConfigureSchedules"/>
  <testcase name="D_AddOnsiteRegistration" time="0.000" classname="Configure_Show.A_ConfigureSchedules"/>
</testsuite> <!-- Configure_Show.A_ConfigureSchedules -->
