<?xml version="1.0" encoding="UTF-8"?>
<!-- Generated by org.testng.reporters.JUnitReportReporter -->
<testsuite name="showbuild.suiteB.ConfigureTracks" tests="4" time="26.557" ignored="0" failures="0" timestamp="15 May 2017 14:57:57 GMT" skipped="0" hostname="MISHRAM" errors="0">
  <testcase name="Add_Tracks" time="4.418" classname="showbuild.suiteB.ConfigureTracks"/>
  <testcase name="LoginAndFocus" time="13.461" classname="showbuild.suiteB.ConfigureTracks"/>
  <testcase name="Add_Tracks" time="3.707" classname="showbuild.suiteB.ConfigureTracks"/>
  <testcase name="Add_Tracks" time="4.971" classname="showbuild.suiteB.ConfigureTracks"/>
</testsuite> <!-- showbuild.suiteB.ConfigureTracks -->
