<?xml version="1.0" encoding="UTF-8"?>
<!-- Generated by org.testng.reporters.JUnitReportReporter -->
<testsuite hostname="KULANDASAMYC" name="Configure_Show.G_HTML_Production_Config" tests="4" failures="0" timestamp="4 Jul 2018 10:05:53 GMT" time="26.729" errors="0">
  <testcase name="B_ConfigureAttendeeConfirmation" time="4.706" classname="Configure_Show.G_HTML_Production_Config"/>
  <testcase name="A_HTMLProdConfig" time="18.581" classname="Configure_Show.G_HTML_Production_Config"/>
  <testcase name="D_ConfigureInviteFriend" time="1.543" classname="Configure_Show.G_HTML_Production_Config"/>
  <testcase name="C_ConfigureExhibitorConfirmation" time="1.899" classname="Configure_Show.G_HTML_Production_Config"/>
</testsuite> <!-- Configure_Show.G_HTML_Production_Config -->
