<?xml version="1.0" encoding="UTF-8"?>
<!-- Generated by org.testng.reporters.JUnitReportReporter -->
<testsuite hostname="KULANDASAMYC" name="RegOnly_Show.J_ConfigureTracks" tests="4" failures="0" timestamp="12 Sep 2018 06:24:33 GMT" time="29.976" errors="0">
  <testcase name="A_LoginAndFocus" time="16.289" classname="RegOnly_Show.J_ConfigureTracks"/>
  <testcase name="B_Add_Tracks" time="6.155" classname="RegOnly_Show.J_ConfigureTracks"/>
  <testcase name="B_Add_Tracks" time="4.472" classname="RegOnly_Show.J_ConfigureTracks"/>
  <testcase name="B_Add_Tracks" time="3.060" classname="RegOnly_Show.J_ConfigureTracks"/>
</testsuite> <!-- RegOnly_Show.J_ConfigureTracks -->
