<?xml version="1.0" encoding="UTF-8"?>
<!-- Generated by org.testng.reporters.JUnitReportReporter -->
<testsuite hostname="KULANDASAMYC" name="RegOnly_Show.B_ConfigureStatuses" tests="24" failures="0" timestamp="20 Mar 2019 05:36:05 GMT" time="82.824" errors="0">
  <testcase name="E_ConfigureMembershipStatuses" time="2.157" classname="RegOnly_Show.B_ConfigureStatuses"/>
  <testcase name="F_MembershipStatus" time="2.367" classname="RegOnly_Show.B_ConfigureStatuses"/>
  <testcase name="H_RegistrationStatus" time="2.304" classname="RegOnly_Show.B_ConfigureStatuses"/>
  <testcase name="A_LoginAndFocusShow" time="26.258" classname="RegOnly_Show.B_ConfigureStatuses"/>
  <testcase name="D_DateStatus" time="2.662" classname="RegOnly_Show.B_ConfigureStatuses"/>
  <testcase name="D_DateStatus" time="2.937" classname="RegOnly_Show.B_ConfigureStatuses"/>
  <testcase name="D_DateStatus" time="2.678" classname="RegOnly_Show.B_ConfigureStatuses"/>
  <testcase name="H_RegistrationStatus" time="2.568" classname="RegOnly_Show.B_ConfigureStatuses"/>
  <testcase name="C_ConfigureDateStatuses" time="3.699" classname="RegOnly_Show.B_ConfigureStatuses"/>
  <testcase name="I_TearDown" time="0.413" classname="RegOnly_Show.B_ConfigureStatuses"/>
  <testcase name="F_MembershipStatus" time="2.290" classname="RegOnly_Show.B_ConfigureStatuses"/>
  <testcase name="D_DateStatus" time="3.035" classname="RegOnly_Show.B_ConfigureStatuses"/>
  <testcase name="D_DateStatus" time="2.537" classname="RegOnly_Show.B_ConfigureStatuses"/>
  <testcase name="B_Status" time="0.963" classname="RegOnly_Show.B_ConfigureStatuses"/>
  <testcase name="G_ConfigureRegistrationStatuses" time="2.085" classname="RegOnly_Show.B_ConfigureStatuses"/>
  <testcase name="D_DateStatus" time="2.807" classname="RegOnly_Show.B_ConfigureStatuses"/>
  <testcase name="D_DateStatus" time="2.823" classname="RegOnly_Show.B_ConfigureStatuses"/>
  <testcase name="H_RegistrationStatus" time="2.478" classname="RegOnly_Show.B_ConfigureStatuses"/>
  <testcase name="D_DateStatus" time="2.664" classname="RegOnly_Show.B_ConfigureStatuses"/>
  <testcase name="D_DateStatus" time="2.684" classname="RegOnly_Show.B_ConfigureStatuses"/>
  <testcase name="D_DateStatus" time="2.726" classname="RegOnly_Show.B_ConfigureStatuses"/>
  <testcase name="D_DateStatus" time="2.530" classname="RegOnly_Show.B_ConfigureStatuses"/>
  <testcase name="H_RegistrationStatus" time="2.344" classname="RegOnly_Show.B_ConfigureStatuses"/>
  <testcase name="D_DateStatus" time="2.815" classname="RegOnly_Show.B_ConfigureStatuses"/>
</testsuite> <!-- RegOnly_Show.B_ConfigureStatuses -->
