<?xml version="1.0" encoding="UTF-8"?>
<!-- Generated by org.testng.reporters.JUnitReportReporter -->
<testsuite hostname="KULANDASAMYC" name="Setup_Housing_2.D_AddEventFacilities" tests="4" failures="0" timestamp="24 Oct 2019 14:50:07 GMT" time="77.070" errors="0">
  <testcase name="A_LoginAndFocusShow" time="16.355" classname="Setup_Housing_2.D_AddEventFacilities"/>
  <testcase name="C_LoginToProdAndFocusShow" time="6.447" classname="Setup_Housing_2.D_AddEventFacilities"/>
  <testcase name="D_AddEventFacilitiesToProd" time="24.629" classname="Setup_Housing_2.D_AddEventFacilities"/>
  <testcase name="B_Add_Event_Facilities" time="29.639" classname="Setup_Housing_2.D_AddEventFacilities"/>
</testsuite> <!-- Setup_Housing_2.D_AddEventFacilities -->
