<?xml version="1.0" encoding="UTF-8"?>
<!-- Generated by org.testng.reporters.JUnitReportReporter -->
<testsuite hostname="KULANDASAMYC" name="RegOnly_Show_1.E_DemographicAnswers" tests="2" failures="0" timestamp="24 Oct 2019 14:06:23 GMT" time="74.578" errors="0">
  <testcase name="B_Config_DemographicsAnswers" time="62.774" classname="RegOnly_Show_1.E_DemographicAnswers"/>
  <testcase name="A_Demographics" time="11.804" classname="RegOnly_Show_1.E_DemographicAnswers"/>
</testsuite> <!-- RegOnly_Show_1.E_DemographicAnswers -->
