<?xml version="1.0" encoding="UTF-8"?>
<!-- Generated by org.testng.reporters.JUnitReportReporter -->
<testsuite hostname="KULANDASAMYC" name="RegOnly_Show.D_DemographicQuestions" tests="3" failures="0" timestamp="20 Mar 2019 05:42:39 GMT" time="114.992" errors="0">
  <testcase name="A_Demographics" time="21.218" classname="RegOnly_Show.D_DemographicQuestions"/>
  <testcase name="B_Config_DemographicsQuestions" time="37.239" classname="RegOnly_Show.D_DemographicQuestions"/>
  <testcase name="C_CreateDemographicsQuestions" time="56.535" classname="RegOnly_Show.D_DemographicQuestions"/>
</testsuite> <!-- RegOnly_Show.D_DemographicQuestions -->
