<?xml version="1.0" encoding="UTF-8"?>
<!-- Generated by org.testng.reporters.JUnitReportReporter -->
<testsuite hostname="KULANDASAMYC" name="RegOnly_Show.C_ConfigureRegtypeExt" tests="2" failures="0" timestamp="20 Mar 2019 05:43:45 GMT" time="28.662" errors="0">
  <testcase name="A_RegtypeExt" time="18.476" classname="RegOnly_Show.C_ConfigureRegtypeExt"/>
  <testcase name="B_Config_RegType" time="10.186" classname="RegOnly_Show.C_ConfigureRegtypeExt"/>
</testsuite> <!-- RegOnly_Show.C_ConfigureRegtypeExt -->
