<?xml version="1.0" encoding="UTF-8"?>
<!-- Generated by org.testng.reporters.JUnitReportReporter -->
<testsuite hostname="KULANDASAMYC" name="Configure_Show.ConfigureRegtypeExt" tests="2" failures="0" timestamp="18 Jun 2018 13:24:59 GMT" time="124.068" errors="0">
  <testcase name="A_RegtypeExt" time="114.879" classname="Configure_Show.ConfigureRegtypeExt"/>
  <testcase name="B_Config_RegType" time="9.189" classname="Configure_Show.ConfigureRegtypeExt"/>
</testsuite> <!-- Configure_Show.ConfigureRegtypeExt -->
