<?xml version="1.0" encoding="UTF-8"?>
<!-- Generated by org.testng.reporters.JUnitReportReporter -->
<testsuite hostname="KULANDASAMYC" name="Setup_Housing.A_EventAdminDetails" tests="2" failures="0" timestamp="18 Jan 2019 09:48:53 GMT" time="56.666" errors="0">
  <testcase name="A_LoginAndFocusShow" time="8.753" classname="Setup_Housing.A_EventAdminDetails"/>
  <testcase name="B_AddEventAdminDetails" time="47.913" classname="Setup_Housing.A_EventAdminDetails"/>
</testsuite> <!-- Setup_Housing.A_EventAdminDetails -->
