<?xml version="1.0" encoding="UTF-8"?>
<!-- Generated by org.testng.reporters.JUnitReportReporter -->
<testsuite hostname="KULANDASAMYC" name="HousingOnly_Config.HousingOnly" tests="17" failures="0" timestamp="6 Aug 2018 12:15:38 GMT" time="0.063" errors="17">
  <testcase name="C_AddSchedules" time="0.000" classname="HousingOnly_Config.HousingOnly"/>
  <testcase name="G_AddSchedulesStage" time="0.000" classname="HousingOnly_Config.HousingOnly"/>
  <testcase name="G_AddSchedulesStage" time="0.000" classname="HousingOnly_Config.HousingOnly"/>
  <testcase name="F_SchedulesStage" time="0.000" classname="HousingOnly_Config.HousingOnly"/>
  <testcase name="A_Schedules_LoginAndFocusProd" time="0.000" classname="HousingOnly_Config.HousingOnly"/>
  <testcase name="Housing_Setup_one" time="0.000" classname="HousingOnly_Config.HousingOnly"/>
  <testcase name="G_AddSchedulesStage" time="0.000" classname="HousingOnly_Config.HousingOnly"/>
  <testcase name="G_AddSchedulesStage" time="0.016" classname="HousingOnly_Config.HousingOnly"/>
  <testcase name="B_Schedules" time="0.000" classname="HousingOnly_Config.HousingOnly"/>
  <testcase name="G_AddSchedulesStage" time="0.000" classname="HousingOnly_Config.HousingOnly"/>
  <testcase name="C_AddSchedules" time="0.000" classname="HousingOnly_Config.HousingOnly"/>
  <testcase name="D_AddOnsiteRegistration" time="0.000" classname="HousingOnly_Config.HousingOnly"/>
  <testcase name="E_LoginAndFocusStage" time="0.031" classname="HousingOnly_Config.HousingOnly"/>
  <testcase name="H_AddOnsiteRegistrationStage" time="0.000" classname="HousingOnly_Config.HousingOnly"/>
  <testcase name="C_AddSchedules" time="0.000" classname="HousingOnly_Config.HousingOnly"/>
  <testcase name="C_AddSchedules" time="0.016" classname="HousingOnly_Config.HousingOnly"/>
  <testcase name="C_AddSchedules" time="0.000" classname="HousingOnly_Config.HousingOnly"/>
</testsuite> <!-- HousingOnly_Config.HousingOnly -->
