<?xml version="1.0" encoding="UTF-8"?>
<!-- Generated by org.testng.reporters.JUnitReportReporter -->
<testsuite name="showbuild.suiteB.ConfigureSpeakers" tests="17" time="120.878" ignored="0" failures="0" timestamp="31 Mar 2017 14:51:43 GMT" skipped="0" hostname="MISHRAM" errors="0">
  <testcase name="AddSpeakers" time="7.545" classname="showbuild.suiteB.ConfigureSpeakers"/>
  <testcase name="AddSpeakers" time="6.506" classname="showbuild.suiteB.ConfigureSpeakers"/>
  <testcase name="AddSpeakers" time="5.997" classname="showbuild.suiteB.ConfigureSpeakers"/>
  <testcase name="AddSpeakers" time="7.172" classname="showbuild.suiteB.ConfigureSpeakers"/>
  <testcase name="AddSpeakers" time="6.673" classname="showbuild.suiteB.ConfigureSpeakers"/>
  <testcase name="AddSpeakers" time="7.300" classname="showbuild.suiteB.ConfigureSpeakers"/>
  <testcase name="AddSpeakers" time="6.450" classname="showbuild.suiteB.ConfigureSpeakers"/>
  <testcase name="AddSpeakers" time="7.441" classname="showbuild.suiteB.ConfigureSpeakers"/>
  <testcase name="LoginAndFocusShow" time="11.150" classname="showbuild.suiteB.ConfigureSpeakers"/>
  <testcase name="AddSpeakers" time="6.544" classname="showbuild.suiteB.ConfigureSpeakers"/>
  <testcase name="AddSpeakers" time="7.129" classname="showbuild.suiteB.ConfigureSpeakers"/>
  <testcase name="AddSpeakers" time="6.556" classname="showbuild.suiteB.ConfigureSpeakers"/>
  <testcase name="AddSpeakers" time="7.234" classname="showbuild.suiteB.ConfigureSpeakers"/>
  <testcase name="AddSpeakers" time="6.945" classname="showbuild.suiteB.ConfigureSpeakers"/>
  <testcase name="AddSpeakers" time="6.857" classname="showbuild.suiteB.ConfigureSpeakers"/>
  <testcase name="AddSpeakers" time="6.710" classname="showbuild.suiteB.ConfigureSpeakers"/>
  <testcase name="AddSpeakers" time="6.669" classname="showbuild.suiteB.ConfigureSpeakers"/>
</testsuite> <!-- showbuild.suiteB.ConfigureSpeakers -->
