<?xml version="1.0" encoding="UTF-8"?>
<!-- Generated by org.testng.reporters.JUnitReportReporter -->
<testsuite hostname="KULANDASAMYC" name="Configure_Show.ConfigureTracks" tests="4" failures="0" timestamp="18 Jun 2018 13:24:59 GMT" time="73.949" errors="0">
  <testcase name="B_Add_Tracks" time="4.137" classname="Configure_Show.ConfigureTracks"/>
  <testcase name="B_Add_Tracks" time="3.355" classname="Configure_Show.ConfigureTracks"/>
  <testcase name="B_Add_Tracks" time="3.687" classname="Configure_Show.ConfigureTracks"/>
  <testcase name="A_LoginAndFocus" time="62.770" classname="Configure_Show.ConfigureTracks"/>
</testsuite> <!-- Configure_Show.ConfigureTracks -->
