<?xml version="1.0" encoding="UTF-8"?>
<!-- Generated by org.testng.reporters.JUnitReportReporter -->
<testsuite name="showbuild.suiteA.Create_ShowCode" tests="3" time="22.953" ignored="0" failures="0" timestamp="23 Feb 2017 15:22:59 GMT" skipped="1" hostname="MISHRAM" errors="0">
  <testcase name="testcase_CreateShow" time="10.331" classname="showbuild.suiteA.Create_ShowCode"/>
  <testcase name="testcase_CreateShowCode" time="0.002" classname="showbuild.suiteA.Create_ShowCode">
    <skipped/>
  </testcase> <!-- testcase_CreateShowCode -->
  <testcase name="testcase_CreateShowCode" time="12.620" classname="showbuild.suiteA.Create_ShowCode"/>
</testsuite> <!-- showbuild.suiteA.Create_ShowCode -->
