<?xml version="1.0" encoding="UTF-8"?>
<!-- Generated by org.testng.reporters.JUnitReportReporter -->
<testsuite hostname="KULANDASAMYC" name="PushToProd_3.B_ConfigureExhibitors" tests="4" failures="0" timestamp="28 Mar 2019 05:08:56 GMT" time="69.424" errors="0">
  <testcase name="A_LoginAndFocus" time="18.078" classname="PushToProd_3.B_ConfigureExhibitors"/>
  <testcase name="D_Add_Exhibitor" time="20.215" classname="PushToProd_3.B_ConfigureExhibitors"/>
  <testcase name="B_Add_Exhibitor" time="21.265" classname="PushToProd_3.B_ConfigureExhibitors"/>
  <testcase name="C_LoginAndFocus" time="9.866" classname="PushToProd_3.B_ConfigureExhibitors"/>
</testsuite> <!-- PushToProd_3.B_ConfigureExhibitors -->
