<?xml version="1.0" encoding="UTF-8"?>
<!-- Generated by org.testng.reporters.JUnitReportReporter -->
<testsuite hostname="KULANDASAMYC" name="RegOnly_Show.G_HTML_Production_Config" tests="4" failures="0" timestamp="11 Jan 2019 15:15:09 GMT" time="38.075" errors="0">
  <testcase name="B_ConfigureAttendeeConfirmation" time="5.070" classname="RegOnly_Show.G_HTML_Production_Config"/>
  <testcase name="C_ConfigureExhibitorConfirmation" time="3.267" classname="RegOnly_Show.G_HTML_Production_Config"/>
  <testcase name="D_ConfigureInviteFriend" time="9.192" classname="RegOnly_Show.G_HTML_Production_Config"/>
  <testcase name="A_HTMLProdConfig" time="20.546" classname="RegOnly_Show.G_HTML_Production_Config"/>
</testsuite> <!-- RegOnly_Show.G_HTML_Production_Config -->
