<?xml version="1.0" encoding="UTF-8"?>
<!-- Generated by org.testng.reporters.JUnitReportReporter -->
<testsuite name="showbuild.suiteB.DemographicAnswers" tests="3" time="76.129" ignored="0" failures="0" timestamp="23 Mar 2017 11:12:44 GMT" skipped="0" hostname="MISHRAM" errors="0">
  <testcase name="Config_DemographicsAnswers" time="65.293" classname="showbuild.suiteB.DemographicAnswers"/>
  <testcase name="Config_DemographicAnswers" time="0.001" classname="showbuild.suiteB.DemographicAnswers"/>
  <testcase name="Demographics" time="10.835" classname="showbuild.suiteB.DemographicAnswers"/>
</testsuite> <!-- showbuild.suiteB.DemographicAnswers -->
