<?xml version="1.0" encoding="UTF-8"?>
<!-- Generated by org.testng.reporters.JUnitReportReporter -->
<testsuite hostname="KULANDASAMYC" name="RegOnly_Show_1.B_ConfigureStatuses" tests="24" failures="0" timestamp="24 Oct 2019 14:00:06 GMT" time="80.758" errors="0">
  <testcase name="E_ConfigureMembershipStatuses" time="2.575" classname="RegOnly_Show_1.B_ConfigureStatuses"/>
  <testcase name="F_MembershipStatus" time="2.791" classname="RegOnly_Show_1.B_ConfigureStatuses"/>
  <testcase name="H_RegistrationStatus" time="2.637" classname="RegOnly_Show_1.B_ConfigureStatuses"/>
  <testcase name="A_LoginAndFocusShow" time="12.964" classname="RegOnly_Show_1.B_ConfigureStatuses"/>
  <testcase name="D_DateStatus" time="3.191" classname="RegOnly_Show_1.B_ConfigureStatuses"/>
  <testcase name="D_DateStatus" time="4.006" classname="RegOnly_Show_1.B_ConfigureStatuses"/>
  <testcase name="D_DateStatus" time="2.985" classname="RegOnly_Show_1.B_ConfigureStatuses"/>
  <testcase name="H_RegistrationStatus" time="2.962" classname="RegOnly_Show_1.B_ConfigureStatuses"/>
  <testcase name="C_ConfigureDateStatuses" time="3.968" classname="RegOnly_Show_1.B_ConfigureStatuses"/>
  <testcase name="I_TearDown" time="0.761" classname="RegOnly_Show_1.B_ConfigureStatuses"/>
  <testcase name="F_MembershipStatus" time="2.804" classname="RegOnly_Show_1.B_ConfigureStatuses"/>
  <testcase name="D_DateStatus" time="4.270" classname="RegOnly_Show_1.B_ConfigureStatuses"/>
  <testcase name="D_DateStatus" time="3.427" classname="RegOnly_Show_1.B_ConfigureStatuses"/>
  <testcase name="B_Status" time="1.784" classname="RegOnly_Show_1.B_ConfigureStatuses"/>
  <testcase name="G_ConfigureRegistrationStatuses" time="2.033" classname="RegOnly_Show_1.B_ConfigureStatuses"/>
  <testcase name="D_DateStatus" time="3.208" classname="RegOnly_Show_1.B_ConfigureStatuses"/>
  <testcase name="D_DateStatus" time="3.393" classname="RegOnly_Show_1.B_ConfigureStatuses"/>
  <testcase name="H_RegistrationStatus" time="2.563" classname="RegOnly_Show_1.B_ConfigureStatuses"/>
  <testcase name="D_DateStatus" time="3.337" classname="RegOnly_Show_1.B_ConfigureStatuses"/>
  <testcase name="D_DateStatus" time="3.185" classname="RegOnly_Show_1.B_ConfigureStatuses"/>
  <testcase name="D_DateStatus" time="3.124" classname="RegOnly_Show_1.B_ConfigureStatuses"/>
  <testcase name="D_DateStatus" time="2.990" classname="RegOnly_Show_1.B_ConfigureStatuses"/>
  <testcase name="H_RegistrationStatus" time="2.947" classname="RegOnly_Show_1.B_ConfigureStatuses"/>
  <testcase name="D_DateStatus" time="2.853" classname="RegOnly_Show_1.B_ConfigureStatuses"/>
</testsuite> <!-- RegOnly_Show_1.B_ConfigureStatuses -->
