<?xml version="1.0" encoding="UTF-8"?>
<!-- Generated by org.testng.reporters.JUnitReportReporter -->
<testsuite hostname="KULANDASAMYC" name="Setup_Housing.AddHotelSetup" tests="4" failures="0" timestamp="19 Jun 2018 06:26:27 GMT" time="257.474" errors="0">
  <testcase name="B_AddConfigureHotel" time="75.232" classname="Setup_Housing.AddHotelSetup"/>
  <testcase name="B_AddConfigureHotel" time="74.190" classname="Setup_Housing.AddHotelSetup"/>
  <testcase name="B_AddConfigureHotel" time="78.160" classname="Setup_Housing.AddHotelSetup"/>
  <testcase name="A_LoginAndFocusShow" time="29.892" classname="Setup_Housing.AddHotelSetup"/>
</testsuite> <!-- Setup_Housing.AddHotelSetup -->
