<?xml version="1.0" encoding="UTF-8"?>
<!-- Generated by org.testng.reporters.JUnitReportReporter -->
<testsuite hostname="KULANDASAMYC" name="Setup_Housing.B_AddHotelSetup" tests="4" failures="0" timestamp="14 Feb 2019 07:03:41 GMT" time="276.559" errors="0">
  <testcase name="B_AddConfigureHotel" time="116.795" classname="Setup_Housing.B_AddHotelSetup"/>
  <testcase name="A_LoginAndFocusShow" time="12.266" classname="Setup_Housing.B_AddHotelSetup"/>
  <testcase name="B_AddConfigureHotel" time="72.915" classname="Setup_Housing.B_AddHotelSetup"/>
  <testcase name="B_AddConfigureHotel" time="74.583" classname="Setup_Housing.B_AddHotelSetup"/>
</testsuite> <!-- Setup_Housing.B_AddHotelSetup -->
