<?xml version="1.0" encoding="UTF-8"?>
<!-- Generated by org.testng.reporters.JUnitReportReporter -->
<testsuite hostname="KULANDASAMYC" name="Setup_Housing_2.A_EventAdminDetails" tests="2" failures="0" timestamp="28 Mar 2019 04:43:28 GMT" time="61.893" errors="0">
  <testcase name="A_LoginAndFocusShow" time="13.011" classname="Setup_Housing_2.A_EventAdminDetails"/>
  <testcase name="B_AddEventAdminDetails" time="48.882" classname="Setup_Housing_2.A_EventAdminDetails"/>
</testsuite> <!-- Setup_Housing_2.A_EventAdminDetails -->
