<?xml version="1.0" encoding="UTF-8"?>
<!-- Generated by org.testng.reporters.JUnitReportReporter -->
<testsuite hostname="KULANDASAMYC" name="RegOnly_Show.C_ConfigureRegtypeExt" tests="2" failures="0" timestamp="20 Sep 2019 05:53:51 GMT" time="36.772" errors="0">
  <testcase name="A_RegtypeExt" time="22.929" classname="RegOnly_Show.C_ConfigureRegtypeExt"/>
  <testcase name="B_Config_RegType" time="13.843" classname="RegOnly_Show.C_ConfigureRegtypeExt"/>
</testsuite> <!-- RegOnly_Show.C_ConfigureRegtypeExt -->
