<?xml version="1.0" encoding="UTF-8"?>
<!-- Generated by org.testng.reporters.JUnitReportReporter -->
<testsuite name="showbuild.suiteB.ConfigurePackages" tests="2" time="35.980" ignored="0" failures="0" timestamp="24 May 2017 13:17:44 GMT" skipped="0" hostname="MISHRAM" errors="0">
  <testcase name="Add_Packages" time="24.780" classname="showbuild.suiteB.ConfigurePackages"/>
  <testcase name="LoginAndFocus" time="11.200" classname="showbuild.suiteB.ConfigurePackages"/>
</testsuite> <!-- showbuild.suiteB.ConfigurePackages -->
