<?xml version="1.0" encoding="UTF-8"?>
<!-- Generated by org.testng.reporters.JUnitReportReporter -->
<testsuite hostname="KULANDASAMYC" name="RegOnly_Show.E_DemographicAnswers" tests="2" failures="0" timestamp="12 Sep 2018 06:07:16 GMT" time="77.487" errors="0">
  <testcase name="A_Demographics" time="26.852" classname="RegOnly_Show.E_DemographicAnswers"/>
  <testcase name="B_Config_DemographicsAnswers" time="50.635" classname="RegOnly_Show.E_DemographicAnswers"/>
</testsuite> <!-- RegOnly_Show.E_DemographicAnswers -->
