<?xml version="1.0" encoding="UTF-8"?>
<!-- Generated by org.testng.reporters.JUnitReportReporter -->
<testsuite hostname="KULANDASAMYC" name="RegOnly_Show_1.C_ConfigureRegtypeExt" tests="2" failures="0" timestamp="24 Oct 2019 14:01:02 GMT" time="41.953" errors="0">
  <testcase name="A_RegtypeExt" time="18.317" classname="RegOnly_Show_1.C_ConfigureRegtypeExt"/>
  <testcase name="B_Config_RegType" time="23.636" classname="RegOnly_Show_1.C_ConfigureRegtypeExt"/>
</testsuite> <!-- RegOnly_Show_1.C_ConfigureRegtypeExt -->
