<?xml version="1.0" encoding="UTF-8"?>
<!-- Generated by org.testng.reporters.JUnitReportReporter -->
<testsuite hostname="KULANDASAMYC" name="RegOnly_Show.I_ConfigureShowItems" tests="38" failures="0" timestamp="20 Mar 2019 06:01:50 GMT" time="576.601" errors="0">
  <testcase name="F_AddShowItems" time="14.849" classname="RegOnly_Show.I_ConfigureShowItems"/>
  <testcase name="F_AddShowItems" time="14.486" classname="RegOnly_Show.I_ConfigureShowItems"/>
  <testcase name="F_AddShowItems" time="14.442" classname="RegOnly_Show.I_ConfigureShowItems"/>
  <testcase name="F_AddShowItems" time="15.744" classname="RegOnly_Show.I_ConfigureShowItems"/>
  <testcase name="D_ShowItemTree" time="3.867" classname="RegOnly_Show.I_ConfigureShowItems"/>
  <testcase name="F_AddShowItems" time="15.340" classname="RegOnly_Show.I_ConfigureShowItems"/>
  <testcase name="F_AddShowItems" time="14.964" classname="RegOnly_Show.I_ConfigureShowItems"/>
  <testcase name="F_AddShowItems" time="16.438" classname="RegOnly_Show.I_ConfigureShowItems"/>
  <testcase name="F_AddShowItems" time="14.570" classname="RegOnly_Show.I_ConfigureShowItems"/>
  <testcase name="E_ShowItemSUBTree" time="5.118" classname="RegOnly_Show.I_ConfigureShowItems"/>
  <testcase name="F_AddShowItems" time="15.006" classname="RegOnly_Show.I_ConfigureShowItems"/>
  <testcase name="F_AddShowItems" time="15.066" classname="RegOnly_Show.I_ConfigureShowItems"/>
  <testcase name="B_RegistrationFees" time="54.246" classname="RegOnly_Show.I_ConfigureShowItems"/>
  <testcase name="F_AddShowItems" time="14.633" classname="RegOnly_Show.I_ConfigureShowItems"/>
  <testcase name="F_AddShowItems" time="15.973" classname="RegOnly_Show.I_ConfigureShowItems"/>
  <testcase name="A_LoginAndFocus" time="19.384" classname="RegOnly_Show.I_ConfigureShowItems"/>
  <testcase name="F_AddShowItems" time="15.784" classname="RegOnly_Show.I_ConfigureShowItems"/>
  <testcase name="F_AddShowItems" time="14.023" classname="RegOnly_Show.I_ConfigureShowItems"/>
  <testcase name="E_ShowItemSUBTree" time="5.032" classname="RegOnly_Show.I_ConfigureShowItems"/>
  <testcase name="F_AddShowItems" time="14.875" classname="RegOnly_Show.I_ConfigureShowItems"/>
  <testcase name="F_AddShowItems" time="14.660" classname="RegOnly_Show.I_ConfigureShowItems"/>
  <testcase name="D_ShowItemTree" time="4.181" classname="RegOnly_Show.I_ConfigureShowItems"/>
  <testcase name="D_ShowItemTree" time="3.916" classname="RegOnly_Show.I_ConfigureShowItems"/>
  <testcase name="F_AddShowItems" time="15.475" classname="RegOnly_Show.I_ConfigureShowItems"/>
  <testcase name="F_AddShowItems" time="16.501" classname="RegOnly_Show.I_ConfigureShowItems"/>
  <testcase name="F_AddShowItems" time="19.372" classname="RegOnly_Show.I_ConfigureShowItems"/>
  <testcase name="F_AddShowItems" time="14.347" classname="RegOnly_Show.I_ConfigureShowItems"/>
  <testcase name="F_AddShowItems" time="15.255" classname="RegOnly_Show.I_ConfigureShowItems"/>
  <testcase name="F_AddShowItems" time="14.744" classname="RegOnly_Show.I_ConfigureShowItems"/>
  <testcase name="D_ShowItemTree" time="4.066" classname="RegOnly_Show.I_ConfigureShowItems"/>
  <testcase name="F_AddShowItems" time="14.503" classname="RegOnly_Show.I_ConfigureShowItems"/>
  <testcase name="D_ShowItemTree" time="4.102" classname="RegOnly_Show.I_ConfigureShowItems"/>
  <testcase name="C_CancellationFees" time="52.522" classname="RegOnly_Show.I_ConfigureShowItems"/>
  <testcase name="D_ShowItemTree" time="4.049" classname="RegOnly_Show.I_ConfigureShowItems"/>
  <testcase name="F_AddShowItems" time="19.727" classname="RegOnly_Show.I_ConfigureShowItems"/>
  <testcase name="F_AddShowItems" time="26.395" classname="RegOnly_Show.I_ConfigureShowItems"/>
  <testcase name="D_ShowItemTree" time="4.166" classname="RegOnly_Show.I_ConfigureShowItems"/>
  <testcase name="F_AddShowItems" time="14.780" classname="RegOnly_Show.I_ConfigureShowItems"/>
</testsuite> <!-- RegOnly_Show.I_ConfigureShowItems -->
