<?xml version="1.0" encoding="UTF-8"?>
<!-- Generated by org.testng.reporters.JUnitReportReporter -->
<testsuite hostname="KULANDASAMYC" name="Setup_Housing_2.A_EventAdminDetails" tests="2" failures="0" timestamp="24 Oct 2019 14:40:51 GMT" time="55.678" errors="0">
  <testcase name="B_AddEventAdminDetails" time="44.513" classname="Setup_Housing_2.A_EventAdminDetails"/>
  <testcase name="A_LoginAndFocusShow" time="11.165" classname="Setup_Housing_2.A_EventAdminDetails"/>
</testsuite> <!-- Setup_Housing_2.A_EventAdminDetails -->
