<?xml version="1.0" encoding="UTF-8"?>
<!-- Generated by org.testng.reporters.JUnitReportReporter -->
<testsuite hostname="KULANDASAMYC" name="RegOnly_Show.B_ConfigureStatuses" tests="24" failures="0" timestamp="18 Jan 2019 08:15:18 GMT" time="67.730" errors="0">
  <testcase name="H_RegistrationStatus" time="2.496" classname="RegOnly_Show.B_ConfigureStatuses"/>
  <testcase name="F_MembershipStatus" time="2.494" classname="RegOnly_Show.B_ConfigureStatuses"/>
  <testcase name="D_DateStatus" time="2.600" classname="RegOnly_Show.B_ConfigureStatuses"/>
  <testcase name="D_DateStatus" time="2.953" classname="RegOnly_Show.B_ConfigureStatuses"/>
  <testcase name="H_RegistrationStatus" time="2.214" classname="RegOnly_Show.B_ConfigureStatuses"/>
  <testcase name="H_RegistrationStatus" time="2.298" classname="RegOnly_Show.B_ConfigureStatuses"/>
  <testcase name="D_DateStatus" time="2.580" classname="RegOnly_Show.B_ConfigureStatuses"/>
  <testcase name="I_TearDown" time="0.341" classname="RegOnly_Show.B_ConfigureStatuses"/>
  <testcase name="C_ConfigureDateStatuses" time="3.715" classname="RegOnly_Show.B_ConfigureStatuses"/>
  <testcase name="F_MembershipStatus" time="2.357" classname="RegOnly_Show.B_ConfigureStatuses"/>
  <testcase name="G_ConfigureRegistrationStatuses" time="1.821" classname="RegOnly_Show.B_ConfigureStatuses"/>
  <testcase name="A_LoginAndFocusShow" time="11.365" classname="RegOnly_Show.B_ConfigureStatuses"/>
  <testcase name="D_DateStatus" time="2.934" classname="RegOnly_Show.B_ConfigureStatuses"/>
  <testcase name="D_DateStatus" time="2.401" classname="RegOnly_Show.B_ConfigureStatuses"/>
  <testcase name="D_DateStatus" time="3.227" classname="RegOnly_Show.B_ConfigureStatuses"/>
  <testcase name="D_DateStatus" time="2.727" classname="RegOnly_Show.B_ConfigureStatuses"/>
  <testcase name="B_Status" time="0.668" classname="RegOnly_Show.B_ConfigureStatuses"/>
  <testcase name="D_DateStatus" time="3.122" classname="RegOnly_Show.B_ConfigureStatuses"/>
  <testcase name="D_DateStatus" time="2.934" classname="RegOnly_Show.B_ConfigureStatuses"/>
  <testcase name="D_DateStatus" time="2.639" classname="RegOnly_Show.B_ConfigureStatuses"/>
  <testcase name="D_DateStatus" time="2.751" classname="RegOnly_Show.B_ConfigureStatuses"/>
  <testcase name="H_RegistrationStatus" time="2.354" classname="RegOnly_Show.B_ConfigureStatuses"/>
  <testcase name="E_ConfigureMembershipStatuses" time="1.836" classname="RegOnly_Show.B_ConfigureStatuses"/>
  <testcase name="D_DateStatus" time="2.903" classname="RegOnly_Show.B_ConfigureStatuses"/>
</testsuite> <!-- RegOnly_Show.B_ConfigureStatuses -->
