<?xml version="1.0" encoding="UTF-8"?>
<!-- Generated by org.testng.reporters.JUnitReportReporter -->
<testsuite name="com.qtpselenium.suiteA.TestCase_Login" tests="1" time="28.658" ignored="0" failures="0" timestamp="20 Feb 2017 11:33:33 GMT" skipped="0" hostname="MISHRAM" errors="0">
  <testcase name="testcase_Login" time="28.658" classname="com.qtpselenium.suiteA.TestCase_Login"/>
</testsuite> <!-- com.qtpselenium.suiteA.TestCase_Login -->
