<?xml version="1.0" encoding="UTF-8"?>
<!-- Generated by org.testng.reporters.JUnitReportReporter -->
<testsuite name="com.qtpselenium.suiteA.TestCase_A2" tests="2" time="0.001" ignored="0" failures="0" timestamp="13 Feb 2017 14:29:52 GMT" skipped="2" hostname="MISHRAM" errors="0">
  <testcase name="testcaseA2" time="0.001" classname="com.qtpselenium.suiteA.TestCase_A2">
    <skipped/>
  </testcase> <!-- testcaseA2 -->
  <testcase name="testcaseA2" time="0.000" classname="com.qtpselenium.suiteA.TestCase_A2">
    <skipped/>
  </testcase> <!-- testcaseA2 -->
</testsuite> <!-- com.qtpselenium.suiteA.TestCase_A2 -->
