<?xml version="1.0" encoding="UTF-8"?>
<!-- Generated by org.testng.reporters.JUnitReportReporter -->
<testsuite hostname="KULANDASAMYC" name="RegOnly_Show_1.I_ConfigureShowItems" tests="38" failures="0" timestamp="28 Mar 2019 04:38:37 GMT" time="577.746" errors="0">
  <testcase name="F_AddShowItems" time="14.675" classname="RegOnly_Show_1.I_ConfigureShowItems"/>
  <testcase name="F_AddShowItems" time="14.886" classname="RegOnly_Show_1.I_ConfigureShowItems"/>
  <testcase name="F_AddShowItems" time="14.143" classname="RegOnly_Show_1.I_ConfigureShowItems"/>
  <testcase name="F_AddShowItems" time="15.665" classname="RegOnly_Show_1.I_ConfigureShowItems"/>
  <testcase name="D_ShowItemTree" time="3.767" classname="RegOnly_Show_1.I_ConfigureShowItems"/>
  <testcase name="F_AddShowItems" time="14.023" classname="RegOnly_Show_1.I_ConfigureShowItems"/>
  <testcase name="F_AddShowItems" time="14.709" classname="RegOnly_Show_1.I_ConfigureShowItems"/>
  <testcase name="F_AddShowItems" time="16.058" classname="RegOnly_Show_1.I_ConfigureShowItems"/>
  <testcase name="F_AddShowItems" time="14.711" classname="RegOnly_Show_1.I_ConfigureShowItems"/>
  <testcase name="E_ShowItemSUBTree" time="5.077" classname="RegOnly_Show_1.I_ConfigureShowItems"/>
  <testcase name="F_AddShowItems" time="14.933" classname="RegOnly_Show_1.I_ConfigureShowItems"/>
  <testcase name="F_AddShowItems" time="14.271" classname="RegOnly_Show_1.I_ConfigureShowItems"/>
  <testcase name="B_RegistrationFees" time="52.677" classname="RegOnly_Show_1.I_ConfigureShowItems"/>
  <testcase name="F_AddShowItems" time="14.335" classname="RegOnly_Show_1.I_ConfigureShowItems"/>
  <testcase name="F_AddShowItems" time="16.134" classname="RegOnly_Show_1.I_ConfigureShowItems"/>
  <testcase name="A_LoginAndFocus" time="27.685" classname="RegOnly_Show_1.I_ConfigureShowItems"/>
  <testcase name="F_AddShowItems" time="22.083" classname="RegOnly_Show_1.I_ConfigureShowItems"/>
  <testcase name="F_AddShowItems" time="14.102" classname="RegOnly_Show_1.I_ConfigureShowItems"/>
  <testcase name="E_ShowItemSUBTree" time="5.099" classname="RegOnly_Show_1.I_ConfigureShowItems"/>
  <testcase name="F_AddShowItems" time="14.940" classname="RegOnly_Show_1.I_ConfigureShowItems"/>
  <testcase name="F_AddShowItems" time="14.698" classname="RegOnly_Show_1.I_ConfigureShowItems"/>
  <testcase name="D_ShowItemTree" time="4.098" classname="RegOnly_Show_1.I_ConfigureShowItems"/>
  <testcase name="D_ShowItemTree" time="3.867" classname="RegOnly_Show_1.I_ConfigureShowItems"/>
  <testcase name="F_AddShowItems" time="14.834" classname="RegOnly_Show_1.I_ConfigureShowItems"/>
  <testcase name="F_AddShowItems" time="21.535" classname="RegOnly_Show_1.I_ConfigureShowItems"/>
  <testcase name="F_AddShowItems" time="16.514" classname="RegOnly_Show_1.I_ConfigureShowItems"/>
  <testcase name="F_AddShowItems" time="13.738" classname="RegOnly_Show_1.I_ConfigureShowItems"/>
  <testcase name="F_AddShowItems" time="14.669" classname="RegOnly_Show_1.I_ConfigureShowItems"/>
  <testcase name="F_AddShowItems" time="14.533" classname="RegOnly_Show_1.I_ConfigureShowItems"/>
  <testcase name="D_ShowItemTree" time="4.088" classname="RegOnly_Show_1.I_ConfigureShowItems"/>
  <testcase name="F_AddShowItems" time="14.763" classname="RegOnly_Show_1.I_ConfigureShowItems"/>
  <testcase name="D_ShowItemTree" time="3.967" classname="RegOnly_Show_1.I_ConfigureShowItems"/>
  <testcase name="C_CancellationFees" time="52.169" classname="RegOnly_Show_1.I_ConfigureShowItems"/>
  <testcase name="D_ShowItemTree" time="3.997" classname="RegOnly_Show_1.I_ConfigureShowItems"/>
  <testcase name="F_AddShowItems" time="14.135" classname="RegOnly_Show_1.I_ConfigureShowItems"/>
  <testcase name="F_AddShowItems" time="16.256" classname="RegOnly_Show_1.I_ConfigureShowItems"/>
  <testcase name="D_ShowItemTree" time="4.164" classname="RegOnly_Show_1.I_ConfigureShowItems"/>
  <testcase name="F_AddShowItems" time="21.748" classname="RegOnly_Show_1.I_ConfigureShowItems"/>
</testsuite> <!-- RegOnly_Show_1.I_ConfigureShowItems -->
