<?xml version="1.0" encoding="UTF-8"?>
<!-- Generated by org.testng.reporters.JUnitReportReporter -->
<testsuite hostname="KULANDASAMYC" name="HousingOnly_Show.B_AddEventFacilities" tests="4" failures="0" timestamp="9 Jul 2019 07:11:50 GMT" time="83.840" errors="0">
  <testcase name="A_LoginAndFocusShow" time="28.125" classname="HousingOnly_Show.B_AddEventFacilities"/>
  <testcase name="B_Add_Event_Facilities" time="27.478" classname="HousingOnly_Show.B_AddEventFacilities"/>
  <testcase name="C_LoginToProdAndFocusShow" time="4.094" classname="HousingOnly_Show.B_AddEventFacilities"/>
  <testcase name="D_AddEventFacilitiesToProd" time="24.143" classname="HousingOnly_Show.B_AddEventFacilities"/>
</testsuite> <!-- HousingOnly_Show.B_AddEventFacilities -->
