<?xml version="1.0" encoding="UTF-8"?>
<!-- Generated by org.testng.reporters.JUnitReportReporter -->
<testsuite hostname="KULANDASAMYC" name="Setup_Housing.D_AddEventFacilities" tests="4" failures="0" timestamp="12 Sep 2018 07:04:31 GMT" time="68.749" errors="0">
  <testcase name="A_LoginAndFocusShow" time="31.260" classname="Setup_Housing.D_AddEventFacilities"/>
  <testcase name="B_Add_Event_Facilities" time="19.717" classname="Setup_Housing.D_AddEventFacilities"/>
  <testcase name="D_AddEventFacilitiesToProd" time="10.976" classname="Setup_Housing.D_AddEventFacilities"/>
  <testcase name="C_LoginToProdAndFocusShow" time="6.796" classname="Setup_Housing.D_AddEventFacilities"/>
</testsuite> <!-- Setup_Housing.D_AddEventFacilities -->
