<?xml version="1.0" encoding="UTF-8"?>
<!-- Generated by org.testng.reporters.JUnitReportReporter -->
<testsuite hostname="KULANDASAMYC" name="RegOnly_Show.I_ConfigureShowItems" tests="38" failures="0" timestamp="20 Sep 2019 06:21:34 GMT" time="600.176" errors="0">
  <testcase name="F_AddShowItems" time="16.547" classname="RegOnly_Show.I_ConfigureShowItems"/>
  <testcase name="F_AddShowItems" time="17.612" classname="RegOnly_Show.I_ConfigureShowItems"/>
  <testcase name="F_AddShowItems" time="16.561" classname="RegOnly_Show.I_ConfigureShowItems"/>
  <testcase name="F_AddShowItems" time="16.142" classname="RegOnly_Show.I_ConfigureShowItems"/>
  <testcase name="D_ShowItemTree" time="4.709" classname="RegOnly_Show.I_ConfigureShowItems"/>
  <testcase name="F_AddShowItems" time="15.623" classname="RegOnly_Show.I_ConfigureShowItems"/>
  <testcase name="F_AddShowItems" time="15.913" classname="RegOnly_Show.I_ConfigureShowItems"/>
  <testcase name="F_AddShowItems" time="17.392" classname="RegOnly_Show.I_ConfigureShowItems"/>
  <testcase name="F_AddShowItems" time="16.352" classname="RegOnly_Show.I_ConfigureShowItems"/>
  <testcase name="E_ShowItemSUBTree" time="6.111" classname="RegOnly_Show.I_ConfigureShowItems"/>
  <testcase name="F_AddShowItems" time="17.196" classname="RegOnly_Show.I_ConfigureShowItems"/>
  <testcase name="F_AddShowItems" time="16.892" classname="RegOnly_Show.I_ConfigureShowItems"/>
  <testcase name="B_RegistrationFees" time="56.412" classname="RegOnly_Show.I_ConfigureShowItems"/>
  <testcase name="F_AddShowItems" time="16.337" classname="RegOnly_Show.I_ConfigureShowItems"/>
  <testcase name="F_AddShowItems" time="15.506" classname="RegOnly_Show.I_ConfigureShowItems"/>
  <testcase name="A_LoginAndFocus" time="19.889" classname="RegOnly_Show.I_ConfigureShowItems"/>
  <testcase name="F_AddShowItems" time="15.708" classname="RegOnly_Show.I_ConfigureShowItems"/>
  <testcase name="F_AddShowItems" time="15.195" classname="RegOnly_Show.I_ConfigureShowItems"/>
  <testcase name="E_ShowItemSUBTree" time="5.199" classname="RegOnly_Show.I_ConfigureShowItems"/>
  <testcase name="F_AddShowItems" time="16.597" classname="RegOnly_Show.I_ConfigureShowItems"/>
  <testcase name="F_AddShowItems" time="15.967" classname="RegOnly_Show.I_ConfigureShowItems"/>
  <testcase name="D_ShowItemTree" time="4.452" classname="RegOnly_Show.I_ConfigureShowItems"/>
  <testcase name="D_ShowItemTree" time="4.284" classname="RegOnly_Show.I_ConfigureShowItems"/>
  <testcase name="F_AddShowItems" time="15.631" classname="RegOnly_Show.I_ConfigureShowItems"/>
  <testcase name="F_AddShowItems" time="18.000" classname="RegOnly_Show.I_ConfigureShowItems"/>
  <testcase name="F_AddShowItems" time="15.901" classname="RegOnly_Show.I_ConfigureShowItems"/>
  <testcase name="F_AddShowItems" time="15.347" classname="RegOnly_Show.I_ConfigureShowItems"/>
  <testcase name="F_AddShowItems" time="16.127" classname="RegOnly_Show.I_ConfigureShowItems"/>
  <testcase name="F_AddShowItems" time="15.437" classname="RegOnly_Show.I_ConfigureShowItems"/>
  <testcase name="D_ShowItemTree" time="4.091" classname="RegOnly_Show.I_ConfigureShowItems"/>
  <testcase name="F_AddShowItems" time="16.607" classname="RegOnly_Show.I_ConfigureShowItems"/>
  <testcase name="D_ShowItemTree" time="4.120" classname="RegOnly_Show.I_ConfigureShowItems"/>
  <testcase name="C_CancellationFees" time="56.299" classname="RegOnly_Show.I_ConfigureShowItems"/>
  <testcase name="D_ShowItemTree" time="4.730" classname="RegOnly_Show.I_ConfigureShowItems"/>
  <testcase name="F_AddShowItems" time="17.343" classname="RegOnly_Show.I_ConfigureShowItems"/>
  <testcase name="F_AddShowItems" time="16.531" classname="RegOnly_Show.I_ConfigureShowItems"/>
  <testcase name="D_ShowItemTree" time="4.599" classname="RegOnly_Show.I_ConfigureShowItems"/>
  <testcase name="F_AddShowItems" time="16.817" classname="RegOnly_Show.I_ConfigureShowItems"/>
</testsuite> <!-- RegOnly_Show.I_ConfigureShowItems -->
